{"/Users/kevin/Development/WeddingPictures/reflets-de-bonheur/src/components/admin/AdminPanel.tsx": {"path":"/Users/kevin/Development/WeddingPictures/reflets-de-bonheur/src/components/admin/AdminPanel.tsx","statementMap":{"0":{"start":{"line":22,"column":8},"end":{"line":22,"column":null}},"1":{"start":{"line":23,"column":2},"end":{"line":25,"column":null}},"2":{"start":{"line":24,"column":4},"end":{"line":24,"column":null}},"3":{"start":{"line":26,"column":22},"end":{"line":26,"column":null}},"4":{"start":{"line":28,"column":24},"end":{"line":35,"column":null}},"5":{"start":{"line":36,"column":40},"end":{"line":36,"column":null}},"6":{"start":{"line":37,"column":35},"end":{"line":37,"column":null}},"7":{"start":{"line":38,"column":28},"end":{"line":38,"column":null}},"8":{"start":{"line":39,"column":32},"end":{"line":39,"column":null}},"9":{"start":{"line":40,"column":38},"end":{"line":40,"column":null}},"10":{"start":{"line":42,"column":2},"end":{"line":96,"column":null}},"11":{"start":{"line":44,"column":4},"end":{"line":49,"column":null}},"12":{"start":{"line":45,"column":6},"end":{"line":45,"column":null}},"13":{"start":{"line":46,"column":6},"end":{"line":48,"column":null}},"14":{"start":{"line":47,"column":8},"end":{"line":47,"column":null}},"15":{"start":{"line":52,"column":4},"end":{"line":54,"column":null}},"16":{"start":{"line":53,"column":6},"end":{"line":53,"column":null}},"17":{"start":{"line":57,"column":22},"end":{"line":93,"column":null}},"18":{"start":{"line":58,"column":6},"end":{"line":92,"column":null}},"19":{"start":{"line":59,"column":29},"end":{"line":59,"column":null}},"20":{"start":{"line":60,"column":8},"end":{"line":60,"column":null}},"21":{"start":{"line":64,"column":8},"end":{"line":86,"column":null}},"22":{"start":{"line":65,"column":24},"end":{"line":65,"column":null}},"23":{"start":{"line":66,"column":27},"end":{"line":66,"column":null}},"24":{"start":{"line":68,"column":32},"end":{"line":78,"column":null}},"25":{"start":{"line":68,"column":48},"end":{"line":78,"column":12}},"26":{"start":{"line":74,"column":89},"end":{"line":77,"column":14}},"27":{"start":{"line":79,"column":35},"end":{"line":84,"column":null}},"28":{"start":{"line":79,"column":54},"end":{"line":84,"column":12}},"29":{"start":{"line":85,"column":10},"end":{"line":85,"column":null}},"30":{"start":{"line":88,"column":8},"end":{"line":88,"column":null}},"31":{"start":{"line":90,"column":8},"end":{"line":90,"column":null}},"32":{"start":{"line":91,"column":8},"end":{"line":91,"column":null}},"33":{"start":{"line":95,"column":4},"end":{"line":95,"column":null}},"34":{"start":{"line":98,"column":44},"end":{"line":98,"column":null}},"35":{"start":{"line":100,"column":24},"end":{"line":112,"column":null}},"36":{"start":{"line":101,"column":4},"end":{"line":101,"column":null}},"37":{"start":{"line":102,"column":4},"end":{"line":111,"column":null}},"38":{"start":{"line":103,"column":6},"end":{"line":103,"column":null}},"39":{"start":{"line":105,"column":6},"end":{"line":105,"column":null}},"40":{"start":{"line":105,"column":32},"end":{"line":105,"column":67}},"41":{"start":{"line":107,"column":6},"end":{"line":107,"column":null}},"42":{"start":{"line":108,"column":6},"end":{"line":108,"column":null}},"43":{"start":{"line":110,"column":6},"end":{"line":110,"column":null}},"44":{"start":{"line":114,"column":23},"end":{"line":126,"column":null}},"45":{"start":{"line":115,"column":4},"end":{"line":115,"column":null}},"46":{"start":{"line":116,"column":4},"end":{"line":125,"column":null}},"47":{"start":{"line":117,"column":19},"end":{"line":117,"column":null}},"48":{"start":{"line":118,"column":23},"end":{"line":118,"column":null}},"49":{"start":{"line":119,"column":6},"end":{"line":119,"column":null}},"50":{"start":{"line":121,"column":6},"end":{"line":121,"column":null}},"51":{"start":{"line":122,"column":6},"end":{"line":122,"column":null}},"52":{"start":{"line":124,"column":6},"end":{"line":124,"column":null}},"53":{"start":{"line":128,"column":2},"end":{"line":135,"column":null}},"54":{"start":{"line":129,"column":4},"end":{"line":133,"column":null}},"55":{"start":{"line":137,"column":2},"end":{"line":331,"column":null}}},"fnMap":{"0":{"name":"AdminPanel","decl":{"start":{"line":20,"column":16},"end":{"line":20,"column":27}},"loc":{"start":{"line":20,"column":77},"end":{"line":333,"column":null}},"line":20},"1":{"name":"(anonymous_1)","decl":{"start":{"line":42,"column":12},"end":{"line":42,"column":18}},"loc":{"start":{"line":42,"column":18},"end":{"line":96,"column":5}},"line":42},"2":{"name":"(anonymous_2)","decl":{"start":{"line":57,"column":22},"end":{"line":57,"column":34}},"loc":{"start":{"line":57,"column":34},"end":{"line":93,"column":null}},"line":57},"3":{"name":"(anonymous_3)","decl":{"start":{"line":68,"column":42},"end":{"line":68,"column":48}},"loc":{"start":{"line":68,"column":48},"end":{"line":78,"column":12}},"line":68},"4":{"name":"(anonymous_4)","decl":{"start":{"line":74,"column":69},"end":{"line":74,"column":70}},"loc":{"start":{"line":74,"column":89},"end":{"line":77,"column":14}},"line":74},"5":{"name":"(anonymous_5)","decl":{"start":{"line":79,"column":48},"end":{"line":79,"column":54}},"loc":{"start":{"line":79,"column":54},"end":{"line":84,"column":12}},"line":79},"6":{"name":"(anonymous_6)","decl":{"start":{"line":100,"column":24},"end":{"line":100,"column":31}},"loc":{"start":{"line":100,"column":52},"end":{"line":112,"column":null}},"line":100},"7":{"name":"(anonymous_7)","decl":{"start":{"line":105,"column":23},"end":{"line":105,"column":32}},"loc":{"start":{"line":105,"column":32},"end":{"line":105,"column":67}},"line":105},"8":{"name":"(anonymous_8)","decl":{"start":{"line":114,"column":23},"end":{"line":114,"column":35}},"loc":{"start":{"line":114,"column":35},"end":{"line":126,"column":null}},"line":114}},"branchMap":{"0":{"loc":{"start":{"line":20,"column":40},"end":{"line":20,"column":57}},"type":"default-arg","locations":[{"start":{"line":20,"column":51},"end":{"line":20,"column":57}}],"line":20},"1":{"loc":{"start":{"line":23,"column":2},"end":{"line":25,"column":null}},"type":"if","locations":[{"start":{"line":23,"column":2},"end":{"line":25,"column":null}},{"start":{},"end":{}}],"line":23},"2":{"loc":{"start":{"line":44,"column":4},"end":{"line":49,"column":null}},"type":"if","locations":[{"start":{"line":44,"column":4},"end":{"line":49,"column":null}},{"start":{},"end":{}}],"line":44},"3":{"loc":{"start":{"line":46,"column":6},"end":{"line":48,"column":null}},"type":"if","locations":[{"start":{"line":46,"column":6},"end":{"line":48,"column":null}},{"start":{},"end":{}}],"line":46},"4":{"loc":{"start":{"line":52,"column":4},"end":{"line":54,"column":null}},"type":"if","locations":[{"start":{"line":52,"column":4},"end":{"line":54,"column":null}},{"start":{},"end":{}}],"line":52},"5":{"loc":{"start":{"line":64,"column":8},"end":{"line":86,"column":null}},"type":"if","locations":[{"start":{"line":64,"column":8},"end":{"line":86,"column":null}},{"start":{},"end":{}}],"line":64},"6":{"loc":{"start":{"line":72,"column":20},"end":{"line":72,"column":null}},"type":"binary-expr","locations":[{"start":{"line":72,"column":20},"end":{"line":72,"column":32}},{"start":{"line":72,"column":32},"end":{"line":72,"column":null}}],"line":72},"7":{"loc":{"start":{"line":74,"column":23},"end":{"line":77,"column":null}},"type":"cond-expr","locations":[{"start":{"line":74,"column":37},"end":{"line":77,"column":18}},{"start":{"line":77,"column":18},"end":{"line":77,"column":null}}],"line":74},"8":{"loc":{"start":{"line":128,"column":2},"end":{"line":135,"column":null}},"type":"if","locations":[{"start":{"line":128,"column":2},"end":{"line":135,"column":null}},{"start":{},"end":{}}],"line":128},"9":{"loc":{"start":{"line":205,"column":17},"end":{"line":207,"column":null}},"type":"cond-expr","locations":[{"start":{"line":206,"column":20},"end":{"line":206,"column":null}},{"start":{"line":207,"column":20},"end":{"line":207,"column":null}}],"line":205},"10":{"loc":{"start":{"line":224,"column":15},"end":{"line":233,"column":null}},"type":"cond-expr","locations":[{"start":{"line":225,"column":16},"end":{"line":228,"column":null}},{"start":{"line":230,"column":16},"end":{"line":233,"column":null}}],"line":224},"11":{"loc":{"start":{"line":311,"column":11},"end":{"line":316,"column":null}},"type":"cond-expr","locations":[{"start":{"line":312,"column":12},"end":{"line":312,"column":null}},{"start":{"line":314,"column":12},"end":{"line":316,"column":null}}],"line":311}},"s":{"0":82,"1":82,"2":29,"3":81,"4":81,"5":81,"6":81,"7":81,"8":81,"9":81,"10":81,"11":29,"12":2,"13":2,"14":1,"15":29,"16":27,"17":29,"18":29,"19":29,"20":27,"21":27,"22":25,"23":25,"24":25,"25":0,"26":0,"27":25,"28":0,"29":25,"30":27,"31":1,"32":1,"33":29,"34":81,"35":81,"36":2,"37":2,"38":2,"39":1,"40":1,"41":1,"42":1,"43":2,"44":81,"45":3,"46":3,"47":3,"48":1,"49":1,"50":1,"51":1,"52":2,"53":81,"54":44,"55":37},"f":{"0":82,"1":29,"2":29,"3":0,"4":0,"5":0,"6":2,"7":1,"8":3},"b":{"0":[82],"1":[29,53],"2":[2,27],"3":[1,1],"4":[27,2],"5":[25,2],"6":[0,0],"7":[0,0],"8":[44,37],"9":[36,1],"10":[3,34],"11":[34,3]},"meta":{"lastBranch":12,"lastFunction":9,"lastStatement":56,"seen":{"f:20:16:20:27":0,"b:20:51:20:57":0,"s:22:8:22:Infinity":0,"b:23:2:25:Infinity:undefined:undefined:undefined:undefined":1,"s:23:2:25:Infinity":1,"s:24:4:24:Infinity":2,"s:26:22:26:Infinity":3,"s:28:24:35:Infinity":4,"s:36:40:36:Infinity":5,"s:37:35:37:Infinity":6,"s:38:28:38:Infinity":7,"s:39:32:39:Infinity":8,"s:40:38:40:Infinity":9,"s:42:2:96:Infinity":10,"f:42:12:42:18":1,"b:44:4:49:Infinity:undefined:undefined:undefined:undefined":2,"s:44:4:49:Infinity":11,"s:45:6:45:Infinity":12,"b:46:6:48:Infinity:undefined:undefined:undefined:undefined":3,"s:46:6:48:Infinity":13,"s:47:8:47:Infinity":14,"b:52:4:54:Infinity:undefined:undefined:undefined:undefined":4,"s:52:4:54:Infinity":15,"s:53:6:53:Infinity":16,"s:57:22:93:Infinity":17,"f:57:22:57:34":2,"s:58:6:92:Infinity":18,"s:59:29:59:Infinity":19,"s:60:8:60:Infinity":20,"b:64:8:86:Infinity:undefined:undefined:undefined:undefined":5,"s:64:8:86:Infinity":21,"s:65:24:65:Infinity":22,"s:66:27:66:Infinity":23,"s:68:32:78:Infinity":24,"f:68:42:68:48":3,"s:68:48:78:12":25,"b:72:20:72:32:72:32:72:Infinity":6,"b:74:37:77:18:77:18:77:Infinity":7,"f:74:69:74:70":4,"s:74:89:77:14":26,"s:79:35:84:Infinity":27,"f:79:48:79:54":5,"s:79:54:84:12":28,"s:85:10:85:Infinity":29,"s:88:8:88:Infinity":30,"s:90:8:90:Infinity":31,"s:91:8:91:Infinity":32,"s:95:4:95:Infinity":33,"s:98:44:98:Infinity":34,"s:100:24:112:Infinity":35,"f:100:24:100:31":6,"s:101:4:101:Infinity":36,"s:102:4:111:Infinity":37,"s:103:6:103:Infinity":38,"s:105:6:105:Infinity":39,"f:105:23:105:32":7,"s:105:32:105:67":40,"s:107:6:107:Infinity":41,"s:108:6:108:Infinity":42,"s:110:6:110:Infinity":43,"s:114:23:126:Infinity":44,"f:114:23:114:35":8,"s:115:4:115:Infinity":45,"s:116:4:125:Infinity":46,"s:117:19:117:Infinity":47,"s:118:23:118:Infinity":48,"s:119:6:119:Infinity":49,"s:121:6:121:Infinity":50,"s:122:6:122:Infinity":51,"s:124:6:124:Infinity":52,"b:128:2:135:Infinity:undefined:undefined:undefined:undefined":8,"s:128:2:135:Infinity":53,"s:129:4:133:Infinity":54,"s:137:2:331:Infinity":55,"b:206:20:206:Infinity:207:20:207:Infinity":9,"b:225:16:228:Infinity:230:16:233:Infinity":10,"b:312:12:312:Infinity:314:12:316:Infinity":11}}}
,"/Users/kevin/Development/WeddingPictures/reflets-de-bonheur/src/components/admin/AlbumManager.tsx": {"path":"/Users/kevin/Development/WeddingPictures/reflets-de-bonheur/src/components/admin/AlbumManager.tsx","statementMap":{"0":{"start":{"line":11,"column":26},"end":{"line":11,"column":null}},"1":{"start":{"line":12,"column":28},"end":{"line":12,"column":null}},"2":{"start":{"line":13,"column":26},"end":{"line":13,"column":null}},"3":{"start":{"line":14,"column":44},"end":{"line":14,"column":null}},"4":{"start":{"line":15,"column":40},"end":{"line":15,"column":null}},"5":{"start":{"line":16,"column":40},"end":{"line":16,"column":null}},"6":{"start":{"line":17,"column":30},"end":{"line":21,"column":null}},"7":{"start":{"line":23,"column":2},"end":{"line":25,"column":null}},"8":{"start":{"line":24,"column":4},"end":{"line":24,"column":null}},"9":{"start":{"line":27,"column":21},"end":{"line":36,"column":null}},"10":{"start":{"line":28,"column":4},"end":{"line":35,"column":null}},"11":{"start":{"line":29,"column":19},"end":{"line":29,"column":null}},"12":{"start":{"line":30,"column":6},"end":{"line":30,"column":null}},"13":{"start":{"line":32,"column":6},"end":{"line":32,"column":null}},"14":{"start":{"line":34,"column":6},"end":{"line":34,"column":null}},"15":{"start":{"line":38,"column":23},"end":{"line":60,"column":null}},"16":{"start":{"line":39,"column":4},"end":{"line":42,"column":null}},"17":{"start":{"line":40,"column":6},"end":{"line":40,"column":null}},"18":{"start":{"line":41,"column":6},"end":{"line":41,"column":null}},"19":{"start":{"line":44,"column":4},"end":{"line":44,"column":null}},"20":{"start":{"line":45,"column":4},"end":{"line":59,"column":null}},"21":{"start":{"line":46,"column":6},"end":{"line":50,"column":null}},"22":{"start":{"line":51,"column":6},"end":{"line":51,"column":null}},"23":{"start":{"line":52,"column":6},"end":{"line":52,"column":null}},"24":{"start":{"line":53,"column":6},"end":{"line":53,"column":null}},"25":{"start":{"line":55,"column":6},"end":{"line":55,"column":null}},"26":{"start":{"line":56,"column":6},"end":{"line":56,"column":null}},"27":{"start":{"line":58,"column":6},"end":{"line":58,"column":null}},"28":{"start":{"line":62,"column":21},"end":{"line":87,"column":null}},"29":{"start":{"line":63,"column":4},"end":{"line":63,"column":null}},"30":{"start":{"line":63,"column":24},"end":{"line":63,"column":null}},"31":{"start":{"line":65,"column":4},"end":{"line":68,"column":null}},"32":{"start":{"line":66,"column":6},"end":{"line":66,"column":null}},"33":{"start":{"line":67,"column":6},"end":{"line":67,"column":null}},"34":{"start":{"line":70,"column":4},"end":{"line":70,"column":null}},"35":{"start":{"line":71,"column":4},"end":{"line":86,"column":null}},"36":{"start":{"line":72,"column":6},"end":{"line":76,"column":null}},"37":{"start":{"line":77,"column":6},"end":{"line":77,"column":null}},"38":{"start":{"line":78,"column":6},"end":{"line":78,"column":null}},"39":{"start":{"line":79,"column":6},"end":{"line":79,"column":null}},"40":{"start":{"line":80,"column":6},"end":{"line":80,"column":null}},"41":{"start":{"line":82,"column":6},"end":{"line":82,"column":null}},"42":{"start":{"line":83,"column":6},"end":{"line":83,"column":null}},"43":{"start":{"line":85,"column":6},"end":{"line":85,"column":null}},"44":{"start":{"line":89,"column":23},"end":{"line":101,"column":null}},"45":{"start":{"line":90,"column":4},"end":{"line":92,"column":null}},"46":{"start":{"line":91,"column":6},"end":{"line":91,"column":null}},"47":{"start":{"line":94,"column":4},"end":{"line":100,"column":null}},"48":{"start":{"line":95,"column":6},"end":{"line":95,"column":null}},"49":{"start":{"line":96,"column":6},"end":{"line":96,"column":null}},"50":{"start":{"line":98,"column":6},"end":{"line":98,"column":null}},"51":{"start":{"line":99,"column":6},"end":{"line":99,"column":null}},"52":{"start":{"line":103,"column":24},"end":{"line":111,"column":null}},"53":{"start":{"line":104,"column":4},"end":{"line":104,"column":null}},"54":{"start":{"line":105,"column":4},"end":{"line":109,"column":null}},"55":{"start":{"line":110,"column":4},"end":{"line":110,"column":null}},"56":{"start":{"line":113,"column":20},"end":{"line":119,"column":null}},"57":{"start":{"line":114,"column":4},"end":{"line":118,"column":null}},"58":{"start":{"line":121,"column":23},"end":{"line":129,"column":null}},"59":{"start":{"line":131,"column":2},"end":{"line":138,"column":null}},"60":{"start":{"line":132,"column":4},"end":{"line":136,"column":null}},"61":{"start":{"line":140,"column":2},"end":{"line":427,"column":null}},"62":{"start":{"line":152,"column":12},"end":{"line":152,"column":null}},"63":{"start":{"line":153,"column":12},"end":{"line":153,"column":null}},"64":{"start":{"line":168,"column":27},"end":{"line":168,"column":null}},"65":{"start":{"line":177,"column":12},"end":{"line":238,"column":null}},"66":{"start":{"line":204,"column":37},"end":{"line":204,"column":null}},"67":{"start":{"line":211,"column":37},"end":{"line":211,"column":null}},"68":{"start":{"line":231,"column":35},"end":{"line":231,"column":null}},"69":{"start":{"line":263,"column":35},"end":{"line":263,"column":null}},"70":{"start":{"line":275,"column":35},"end":{"line":275,"column":null}},"71":{"start":{"line":288,"column":20},"end":{"line":298,"column":null}},"72":{"start":{"line":290,"column":37},"end":{"line":290,"column":null}},"73":{"start":{"line":308,"column":18},"end":{"line":308,"column":null}},"74":{"start":{"line":309,"column":18},"end":{"line":309,"column":null}},"75":{"start":{"line":355,"column":35},"end":{"line":355,"column":null}},"76":{"start":{"line":367,"column":35},"end":{"line":367,"column":null}},"77":{"start":{"line":380,"column":20},"end":{"line":390,"column":null}},"78":{"start":{"line":382,"column":37},"end":{"line":382,"column":null}},"79":{"start":{"line":400,"column":18},"end":{"line":400,"column":null}},"80":{"start":{"line":401,"column":18},"end":{"line":401,"column":null}},"81":{"start":{"line":402,"column":18},"end":{"line":402,"column":null}}},"fnMap":{"0":{"name":"AlbumManager","decl":{"start":{"line":10,"column":16},"end":{"line":10,"column":29}},"loc":{"start":{"line":10,"column":80},"end":{"line":429,"column":null}},"line":10},"1":{"name":"(anonymous_1)","decl":{"start":{"line":23,"column":12},"end":{"line":23,"column":18}},"loc":{"start":{"line":23,"column":18},"end":{"line":25,"column":5}},"line":23},"2":{"name":"(anonymous_2)","decl":{"start":{"line":27,"column":21},"end":{"line":27,"column":33}},"loc":{"start":{"line":27,"column":33},"end":{"line":36,"column":null}},"line":27},"3":{"name":"(anonymous_3)","decl":{"start":{"line":38,"column":23},"end":{"line":38,"column":35}},"loc":{"start":{"line":38,"column":35},"end":{"line":60,"column":null}},"line":38},"4":{"name":"(anonymous_4)","decl":{"start":{"line":62,"column":21},"end":{"line":62,"column":33}},"loc":{"start":{"line":62,"column":33},"end":{"line":87,"column":null}},"line":62},"5":{"name":"(anonymous_5)","decl":{"start":{"line":89,"column":23},"end":{"line":89,"column":30}},"loc":{"start":{"line":89,"column":69},"end":{"line":101,"column":null}},"line":89},"6":{"name":"(anonymous_6)","decl":{"start":{"line":103,"column":24},"end":{"line":103,"column":25}},"loc":{"start":{"line":103,"column":42},"end":{"line":111,"column":null}},"line":103},"7":{"name":"(anonymous_7)","decl":{"start":{"line":113,"column":20},"end":{"line":113,"column":26}},"loc":{"start":{"line":113,"column":26},"end":{"line":119,"column":null}},"line":113},"8":{"name":"(anonymous_8)","decl":{"start":{"line":151,"column":19},"end":{"line":151,"column":25}},"loc":{"start":{"line":151,"column":25},"end":{"line":154,"column":null}},"line":151},"9":{"name":"(anonymous_9)","decl":{"start":{"line":168,"column":21},"end":{"line":168,"column":27}},"loc":{"start":{"line":168,"column":27},"end":{"line":168,"column":null}},"line":168},"10":{"name":"(anonymous_10)","decl":{"start":{"line":176,"column":22},"end":{"line":176,"column":null}},"loc":{"start":{"line":177,"column":12},"end":{"line":238,"column":null}},"line":177},"11":{"name":"(anonymous_11)","decl":{"start":{"line":204,"column":31},"end":{"line":204,"column":37}},"loc":{"start":{"line":204,"column":37},"end":{"line":204,"column":null}},"line":204},"12":{"name":"(anonymous_12)","decl":{"start":{"line":211,"column":31},"end":{"line":211,"column":37}},"loc":{"start":{"line":211,"column":37},"end":{"line":211,"column":null}},"line":211},"13":{"name":"(anonymous_13)","decl":{"start":{"line":231,"column":29},"end":{"line":231,"column":35}},"loc":{"start":{"line":231,"column":35},"end":{"line":231,"column":null}},"line":231},"14":{"name":"(anonymous_14)","decl":{"start":{"line":263,"column":28},"end":{"line":263,"column":29}},"loc":{"start":{"line":263,"column":35},"end":{"line":263,"column":null}},"line":263},"15":{"name":"(anonymous_15)","decl":{"start":{"line":275,"column":28},"end":{"line":275,"column":29}},"loc":{"start":{"line":275,"column":35},"end":{"line":275,"column":null}},"line":275},"16":{"name":"(anonymous_16)","decl":{"start":{"line":287,"column":36},"end":{"line":287,"column":null}},"loc":{"start":{"line":288,"column":20},"end":{"line":298,"column":null}},"line":288},"17":{"name":"(anonymous_17)","decl":{"start":{"line":290,"column":31},"end":{"line":290,"column":37}},"loc":{"start":{"line":290,"column":37},"end":{"line":290,"column":null}},"line":290},"18":{"name":"(anonymous_18)","decl":{"start":{"line":307,"column":25},"end":{"line":307,"column":31}},"loc":{"start":{"line":307,"column":31},"end":{"line":310,"column":null}},"line":307},"19":{"name":"(anonymous_19)","decl":{"start":{"line":355,"column":28},"end":{"line":355,"column":29}},"loc":{"start":{"line":355,"column":35},"end":{"line":355,"column":null}},"line":355},"20":{"name":"(anonymous_20)","decl":{"start":{"line":367,"column":28},"end":{"line":367,"column":29}},"loc":{"start":{"line":367,"column":35},"end":{"line":367,"column":null}},"line":367},"21":{"name":"(anonymous_21)","decl":{"start":{"line":379,"column":36},"end":{"line":379,"column":null}},"loc":{"start":{"line":380,"column":20},"end":{"line":390,"column":null}},"line":380},"22":{"name":"(anonymous_22)","decl":{"start":{"line":382,"column":31},"end":{"line":382,"column":37}},"loc":{"start":{"line":382,"column":37},"end":{"line":382,"column":null}},"line":382},"23":{"name":"(anonymous_23)","decl":{"start":{"line":399,"column":25},"end":{"line":399,"column":31}},"loc":{"start":{"line":399,"column":31},"end":{"line":403,"column":null}},"line":399}},"branchMap":{"0":{"loc":{"start":{"line":39,"column":4},"end":{"line":42,"column":null}},"type":"if","locations":[{"start":{"line":39,"column":4},"end":{"line":42,"column":null}},{"start":{},"end":{}}],"line":39},"1":{"loc":{"start":{"line":63,"column":4},"end":{"line":63,"column":null}},"type":"if","locations":[{"start":{"line":63,"column":4},"end":{"line":63,"column":null}},{"start":{},"end":{}}],"line":63},"2":{"loc":{"start":{"line":65,"column":4},"end":{"line":68,"column":null}},"type":"if","locations":[{"start":{"line":65,"column":4},"end":{"line":68,"column":null}},{"start":{},"end":{}}],"line":65},"3":{"loc":{"start":{"line":90,"column":4},"end":{"line":92,"column":null}},"type":"if","locations":[{"start":{"line":90,"column":4},"end":{"line":92,"column":null}},{"start":{},"end":{}}],"line":90},"4":{"loc":{"start":{"line":107,"column":19},"end":{"line":107,"column":null}},"type":"binary-expr","locations":[{"start":{"line":107,"column":19},"end":{"line":107,"column":40}},{"start":{"line":107,"column":40},"end":{"line":107,"column":null}}],"line":107},"5":{"loc":{"start":{"line":108,"column":13},"end":{"line":108,"column":null}},"type":"binary-expr","locations":[{"start":{"line":108,"column":13},"end":{"line":108,"column":28}},{"start":{"line":108,"column":28},"end":{"line":108,"column":null}}],"line":108},"6":{"loc":{"start":{"line":131,"column":2},"end":{"line":138,"column":null}},"type":"if","locations":[{"start":{"line":131,"column":2},"end":{"line":138,"column":null}},{"start":{},"end":{}}],"line":131},"7":{"loc":{"start":{"line":163,"column":7},"end":{"line":240,"column":null}},"type":"cond-expr","locations":[{"start":{"line":164,"column":8},"end":{"line":173,"column":null}},{"start":{"line":175,"column":8},"end":{"line":240,"column":null}}],"line":163},"8":{"loc":{"start":{"line":184,"column":42},"end":{"line":184,"column":67}},"type":"binary-expr","locations":[{"start":{"line":184,"column":42},"end":{"line":184,"column":57}},{"start":{"line":184,"column":57},"end":{"line":184,"column":67}}],"line":184},"9":{"loc":{"start":{"line":194,"column":21},"end":{"line":197,"column":null}},"type":"binary-expr","locations":[{"start":{"line":194,"column":21},"end":{"line":194,"column":null}},{"start":{"line":195,"column":22},"end":{"line":197,"column":null}}],"line":194},"10":{"loc":{"start":{"line":224,"column":21},"end":{"line":224,"column":43}},"type":"binary-expr","locations":[{"start":{"line":224,"column":21},"end":{"line":224,"column":41}},{"start":{"line":224,"column":41},"end":{"line":224,"column":43}}],"line":224},"11":{"loc":{"start":{"line":224,"column":43},"end":{"line":224,"column":null}},"type":"cond-expr","locations":[{"start":{"line":224,"column":82},"end":{"line":224,"column":88}},{"start":{"line":224,"column":88},"end":{"line":224,"column":null}}],"line":224},"12":{"loc":{"start":{"line":224,"column":51},"end":{"line":224,"column":78}},"type":"binary-expr","locations":[{"start":{"line":224,"column":51},"end":{"line":224,"column":71}},{"start":{"line":224,"column":71},"end":{"line":224,"column":78}}],"line":224},"13":{"loc":{"start":{"line":229,"column":17},"end":{"line":235,"column":null}},"type":"binary-expr","locations":[{"start":{"line":229,"column":17},"end":{"line":229,"column":null}},{"start":{"line":230,"column":18},"end":{"line":235,"column":null}}],"line":229},"14":{"loc":{"start":{"line":244,"column":7},"end":{"line":332,"column":null}},"type":"binary-expr","locations":[{"start":{"line":244,"column":7},"end":{"line":244,"column":null}},{"start":{"line":245,"column":8},"end":{"line":332,"column":null}}],"line":244},"15":{"loc":{"start":{"line":292,"column":24},"end":{"line":294,"column":null}},"type":"cond-expr","locations":[{"start":{"line":293,"column":28},"end":{"line":293,"column":null}},{"start":{"line":294,"column":28},"end":{"line":294,"column":null}}],"line":292},"16":{"loc":{"start":{"line":321,"column":17},"end":{"line":327,"column":null}},"type":"cond-expr","locations":[{"start":{"line":322,"column":18},"end":{"line":325,"column":null}},{"start":{"line":327,"column":18},"end":{"line":327,"column":null}}],"line":321},"17":{"loc":{"start":{"line":336,"column":7},"end":{"line":425,"column":null}},"type":"binary-expr","locations":[{"start":{"line":336,"column":7},"end":{"line":336,"column":24}},{"start":{"line":336,"column":24},"end":{"line":336,"column":null}},{"start":{"line":337,"column":8},"end":{"line":425,"column":null}}],"line":336},"18":{"loc":{"start":{"line":384,"column":24},"end":{"line":386,"column":null}},"type":"cond-expr","locations":[{"start":{"line":385,"column":28},"end":{"line":385,"column":null}},{"start":{"line":386,"column":28},"end":{"line":386,"column":null}}],"line":384},"19":{"loc":{"start":{"line":414,"column":17},"end":{"line":420,"column":null}},"type":"cond-expr","locations":[{"start":{"line":415,"column":18},"end":{"line":418,"column":null}},{"start":{"line":420,"column":18},"end":{"line":420,"column":null}}],"line":414}},"s":{"0":70,"1":70,"2":70,"3":70,"4":70,"5":70,"6":70,"7":70,"8":23,"9":70,"10":27,"11":27,"12":25,"13":1,"14":26,"15":70,"16":3,"17":1,"18":1,"19":2,"20":2,"21":2,"22":1,"23":1,"24":1,"25":1,"26":1,"27":2,"28":70,"29":1,"30":0,"31":1,"32":0,"33":0,"34":1,"35":1,"36":1,"37":1,"38":1,"39":1,"40":1,"41":0,"42":0,"43":1,"44":70,"45":3,"46":1,"47":2,"48":2,"49":2,"50":0,"51":0,"52":70,"53":3,"54":3,"55":3,"56":70,"57":10,"58":70,"59":70,"60":23,"61":46,"62":7,"63":7,"64":0,"65":85,"66":3,"67":3,"68":1,"69":2,"70":0,"71":91,"72":0,"73":1,"74":1,"75":1,"76":0,"77":42,"78":0,"79":0,"80":0,"81":0},"f":{"0":70,"1":23,"2":27,"3":3,"4":1,"5":3,"6":3,"7":10,"8":7,"9":0,"10":85,"11":3,"12":3,"13":1,"14":2,"15":0,"16":91,"17":0,"18":1,"19":1,"20":0,"21":42,"22":0,"23":0},"b":{"0":[1,2],"1":[0,1],"2":[0,1],"3":[1,2],"4":[3,0],"5":[3,0],"6":[23,47],"7":[3,43],"8":[85,0],"9":[85,85],"10":[85,0],"11":[84,1],"12":[85,0],"13":[85,2],"14":[70,13],"15":[13,78],"16":[3,10],"17":[70,6,6],"18":[6,36],"19":[2,4]},"meta":{"lastBranch":20,"lastFunction":24,"lastStatement":82,"seen":{"f:10:16:10:29":0,"s:11:26:11:Infinity":0,"s:12:28:12:Infinity":1,"s:13:26:13:Infinity":2,"s:14:44:14:Infinity":3,"s:15:40:15:Infinity":4,"s:16:40:16:Infinity":5,"s:17:30:21:Infinity":6,"s:23:2:25:Infinity":7,"f:23:12:23:18":1,"s:24:4:24:Infinity":8,"s:27:21:36:Infinity":9,"f:27:21:27:33":2,"s:28:4:35:Infinity":10,"s:29:19:29:Infinity":11,"s:30:6:30:Infinity":12,"s:32:6:32:Infinity":13,"s:34:6:34:Infinity":14,"s:38:23:60:Infinity":15,"f:38:23:38:35":3,"b:39:4:42:Infinity:undefined:undefined:undefined:undefined":0,"s:39:4:42:Infinity":16,"s:40:6:40:Infinity":17,"s:41:6:41:Infinity":18,"s:44:4:44:Infinity":19,"s:45:4:59:Infinity":20,"s:46:6:50:Infinity":21,"s:51:6:51:Infinity":22,"s:52:6:52:Infinity":23,"s:53:6:53:Infinity":24,"s:55:6:55:Infinity":25,"s:56:6:56:Infinity":26,"s:58:6:58:Infinity":27,"s:62:21:87:Infinity":28,"f:62:21:62:33":4,"b:63:4:63:Infinity:undefined:undefined:undefined:undefined":1,"s:63:4:63:Infinity":29,"s:63:24:63:Infinity":30,"b:65:4:68:Infinity:undefined:undefined:undefined:undefined":2,"s:65:4:68:Infinity":31,"s:66:6:66:Infinity":32,"s:67:6:67:Infinity":33,"s:70:4:70:Infinity":34,"s:71:4:86:Infinity":35,"s:72:6:76:Infinity":36,"s:77:6:77:Infinity":37,"s:78:6:78:Infinity":38,"s:79:6:79:Infinity":39,"s:80:6:80:Infinity":40,"s:82:6:82:Infinity":41,"s:83:6:83:Infinity":42,"s:85:6:85:Infinity":43,"s:89:23:101:Infinity":44,"f:89:23:89:30":5,"b:90:4:92:Infinity:undefined:undefined:undefined:undefined":3,"s:90:4:92:Infinity":45,"s:91:6:91:Infinity":46,"s:94:4:100:Infinity":47,"s:95:6:95:Infinity":48,"s:96:6:96:Infinity":49,"s:98:6:98:Infinity":50,"s:99:6:99:Infinity":51,"s:103:24:111:Infinity":52,"f:103:24:103:25":6,"s:104:4:104:Infinity":53,"s:105:4:109:Infinity":54,"b:107:19:107:40:107:40:107:Infinity":4,"b:108:13:108:28:108:28:108:Infinity":5,"s:110:4:110:Infinity":55,"s:113:20:119:Infinity":56,"f:113:20:113:26":7,"s:114:4:118:Infinity":57,"s:121:23:129:Infinity":58,"b:131:2:138:Infinity:undefined:undefined:undefined:undefined":6,"s:131:2:138:Infinity":59,"s:132:4:136:Infinity":60,"s:140:2:427:Infinity":61,"f:151:19:151:25":8,"s:152:12:152:Infinity":62,"s:153:12:153:Infinity":63,"b:164:8:173:Infinity:175:8:240:Infinity":7,"f:168:21:168:27":9,"s:168:27:168:Infinity":64,"f:176:22:176:Infinity":10,"s:177:12:238:Infinity":65,"b:184:42:184:57:184:57:184:67":8,"b:194:21:194:Infinity:195:22:197:Infinity":9,"f:204:31:204:37":11,"s:204:37:204:Infinity":66,"f:211:31:211:37":12,"s:211:37:211:Infinity":67,"b:224:21:224:41:224:41:224:43":10,"b:224:82:224:88:224:88:224:Infinity":11,"b:224:51:224:71:224:71:224:78":12,"b:229:17:229:Infinity:230:18:235:Infinity":13,"f:231:29:231:35":13,"s:231:35:231:Infinity":68,"b:244:7:244:Infinity:245:8:332:Infinity":14,"f:263:28:263:29":14,"s:263:35:263:Infinity":69,"f:275:28:275:29":15,"s:275:35:275:Infinity":70,"f:287:36:287:Infinity":16,"s:288:20:298:Infinity":71,"f:290:31:290:37":17,"s:290:37:290:Infinity":72,"b:293:28:293:Infinity:294:28:294:Infinity":15,"f:307:25:307:31":18,"s:308:18:308:Infinity":73,"s:309:18:309:Infinity":74,"b:322:18:325:Infinity:327:18:327:Infinity":16,"b:336:7:336:24:336:24:336:Infinity:337:8:425:Infinity":17,"f:355:28:355:29":19,"s:355:35:355:Infinity":75,"f:367:28:367:29":20,"s:367:35:367:Infinity":76,"f:379:36:379:Infinity":21,"s:380:20:390:Infinity":77,"f:382:31:382:37":22,"s:382:37:382:Infinity":78,"b:385:28:385:Infinity:386:28:386:Infinity":18,"f:399:25:399:31":23,"s:400:18:400:Infinity":79,"s:401:18:401:Infinity":80,"s:402:18:402:Infinity":81,"b:415:18:418:Infinity:420:18:420:Infinity":19}}}
,"/Users/kevin/Development/WeddingPictures/reflets-de-bonheur/src/components/admin/EnhancedStatistics.tsx": {"path":"/Users/kevin/Development/WeddingPictures/reflets-de-bonheur/src/components/admin/EnhancedStatistics.tsx","statementMap":{"0":{"start":{"line":24,"column":46},"end":{"line":26,"column":null}},"1":{"start":{"line":28,"column":24},"end":{"line":38,"column":null}},"2":{"start":{"line":29,"column":4},"end":{"line":37,"column":null}},"3":{"start":{"line":30,"column":21},"end":{"line":30,"column":null}},"4":{"start":{"line":31,"column":6},"end":{"line":35,"column":null}},"5":{"start":{"line":32,"column":8},"end":{"line":32,"column":null}},"6":{"start":{"line":34,"column":8},"end":{"line":34,"column":null}},"7":{"start":{"line":36,"column":6},"end":{"line":36,"column":null}},"8":{"start":{"line":40,"column":21},"end":{"line":40,"column":null}},"9":{"start":{"line":40,"column":47},"end":{"line":40,"column":null}},"10":{"start":{"line":42,"column":2},"end":{"line":211,"column":null}},"11":{"start":{"line":96,"column":27},"end":{"line":96,"column":null}},"12":{"start":{"line":122,"column":27},"end":{"line":122,"column":null}},"13":{"start":{"line":154,"column":27},"end":{"line":154,"column":null}},"14":{"start":{"line":180,"column":27},"end":{"line":180,"column":null}}},"fnMap":{"0":{"name":"EnhancedStatistics","decl":{"start":{"line":23,"column":16},"end":{"line":23,"column":35}},"loc":{"start":{"line":23,"column":71},"end":{"line":213,"column":null}},"line":23},"1":{"name":"(anonymous_1)","decl":{"start":{"line":28,"column":24},"end":{"line":28,"column":25}},"loc":{"start":{"line":28,"column":50},"end":{"line":38,"column":null}},"line":28},"2":{"name":"(anonymous_2)","decl":{"start":{"line":29,"column":24},"end":{"line":29,"column":32}},"loc":{"start":{"line":29,"column":32},"end":{"line":37,"column":5}},"line":29},"3":{"name":"(anonymous_3)","decl":{"start":{"line":40,"column":21},"end":{"line":40,"column":22}},"loc":{"start":{"line":40,"column":47},"end":{"line":40,"column":null}},"line":40},"4":{"name":"(anonymous_4)","decl":{"start":{"line":96,"column":21},"end":{"line":96,"column":27}},"loc":{"start":{"line":96,"column":27},"end":{"line":96,"column":null}},"line":96},"5":{"name":"(anonymous_5)","decl":{"start":{"line":122,"column":21},"end":{"line":122,"column":27}},"loc":{"start":{"line":122,"column":27},"end":{"line":122,"column":null}},"line":122},"6":{"name":"(anonymous_6)","decl":{"start":{"line":154,"column":21},"end":{"line":154,"column":27}},"loc":{"start":{"line":154,"column":27},"end":{"line":154,"column":null}},"line":154},"7":{"name":"(anonymous_7)","decl":{"start":{"line":180,"column":21},"end":{"line":180,"column":27}},"loc":{"start":{"line":180,"column":27},"end":{"line":180,"column":null}},"line":180}},"branchMap":{"0":{"loc":{"start":{"line":31,"column":6},"end":{"line":35,"column":null}},"type":"if","locations":[{"start":{"line":31,"column":6},"end":{"line":35,"column":null}},{"start":{"line":33,"column":13},"end":{"line":35,"column":null}}],"line":31},"1":{"loc":{"start":{"line":105,"column":13},"end":{"line":108,"column":null}},"type":"cond-expr","locations":[{"start":{"line":106,"column":14},"end":{"line":106,"column":null}},{"start":{"line":108,"column":14},"end":{"line":108,"column":null}}],"line":105},"2":{"loc":{"start":{"line":112,"column":11},"end":{"line":115,"column":null}},"type":"binary-expr","locations":[{"start":{"line":112,"column":11},"end":{"line":112,"column":null}},{"start":{"line":113,"column":12},"end":{"line":115,"column":null}}],"line":112},"3":{"loc":{"start":{"line":131,"column":13},"end":{"line":134,"column":null}},"type":"cond-expr","locations":[{"start":{"line":132,"column":14},"end":{"line":132,"column":null}},{"start":{"line":134,"column":14},"end":{"line":134,"column":null}}],"line":131},"4":{"loc":{"start":{"line":138,"column":11},"end":{"line":147,"column":null}},"type":"binary-expr","locations":[{"start":{"line":138,"column":11},"end":{"line":138,"column":null}},{"start":{"line":139,"column":12},"end":{"line":147,"column":null}}],"line":138},"5":{"loc":{"start":{"line":163,"column":13},"end":{"line":166,"column":null}},"type":"cond-expr","locations":[{"start":{"line":164,"column":14},"end":{"line":164,"column":null}},{"start":{"line":166,"column":14},"end":{"line":166,"column":null}}],"line":163},"6":{"loc":{"start":{"line":170,"column":11},"end":{"line":173,"column":null}},"type":"binary-expr","locations":[{"start":{"line":170,"column":11},"end":{"line":170,"column":null}},{"start":{"line":171,"column":12},"end":{"line":173,"column":null}}],"line":170},"7":{"loc":{"start":{"line":189,"column":13},"end":{"line":192,"column":null}},"type":"cond-expr","locations":[{"start":{"line":190,"column":14},"end":{"line":190,"column":null}},{"start":{"line":192,"column":14},"end":{"line":192,"column":null}}],"line":189},"8":{"loc":{"start":{"line":196,"column":11},"end":{"line":202,"column":null}},"type":"binary-expr","locations":[{"start":{"line":196,"column":11},"end":{"line":196,"column":null}},{"start":{"line":197,"column":12},"end":{"line":202,"column":null}}],"line":196}},"s":{"0":25,"1":25,"2":6,"3":6,"4":6,"5":1,"6":5,"7":6,"8":25,"9":200,"10":25,"11":1,"12":2,"13":2,"14":1},"f":{"0":25,"1":6,"2":6,"3":200,"4":1,"5":2,"6":2,"7":1},"b":{"0":[1,5],"1":[24,1],"2":[25,24],"3":[2,23],"4":[25,2],"5":[2,23],"6":[25,2],"7":[1,24],"8":[25,1]},"meta":{"lastBranch":9,"lastFunction":8,"lastStatement":15,"seen":{"f:23:16:23:35":0,"s:24:46:26:Infinity":0,"s:28:24:38:Infinity":1,"f:28:24:28:25":1,"s:29:4:37:Infinity":2,"f:29:24:29:32":2,"s:30:21:30:Infinity":3,"b:31:6:35:Infinity:33:13:35:Infinity":0,"s:31:6:35:Infinity":4,"s:32:8:32:Infinity":5,"s:34:8:34:Infinity":6,"s:36:6:36:Infinity":7,"s:40:21:40:Infinity":8,"f:40:21:40:22":3,"s:40:47:40:Infinity":9,"s:42:2:211:Infinity":10,"f:96:21:96:27":4,"s:96:27:96:Infinity":11,"b:106:14:106:Infinity:108:14:108:Infinity":1,"b:112:11:112:Infinity:113:12:115:Infinity":2,"f:122:21:122:27":5,"s:122:27:122:Infinity":12,"b:132:14:132:Infinity:134:14:134:Infinity":3,"b:138:11:138:Infinity:139:12:147:Infinity":4,"f:154:21:154:27":6,"s:154:27:154:Infinity":13,"b:164:14:164:Infinity:166:14:166:Infinity":5,"b:170:11:170:Infinity:171:12:173:Infinity":6,"f:180:21:180:27":7,"s:180:27:180:Infinity":14,"b:190:14:190:Infinity:192:14:192:Infinity":7,"b:196:11:196:Infinity:197:12:202:Infinity":8}}}
,"/Users/kevin/Development/WeddingPictures/reflets-de-bonheur/src/components/admin/QRCodeGenerator.tsx": {"path":"/Users/kevin/Development/WeddingPictures/reflets-de-bonheur/src/components/admin/QRCodeGenerator.tsx","statementMap":{"0":{"start":{"line":9,"column":34},"end":{"line":9,"column":null}},"1":{"start":{"line":10,"column":22},"end":{"line":10,"column":null}},"2":{"start":{"line":11,"column":36},"end":{"line":11,"column":null}},"3":{"start":{"line":14,"column":21},"end":{"line":16,"column":null}},"4":{"start":{"line":19,"column":20},"end":{"line":19,"column":null}},"5":{"start":{"line":21,"column":25},"end":{"line":37,"column":null}},"6":{"start":{"line":22,"column":4},"end":{"line":36,"column":null}},"7":{"start":{"line":23,"column":23},"end":{"line":23,"column":null}},"8":{"start":{"line":24,"column":19},"end":{"line":24,"column":null}},"9":{"start":{"line":25,"column":18},"end":{"line":25,"column":null}},"10":{"start":{"line":26,"column":19},"end":{"line":26,"column":null}},"11":{"start":{"line":27,"column":6},"end":{"line":27,"column":null}},"12":{"start":{"line":28,"column":6},"end":{"line":28,"column":null}},"13":{"start":{"line":29,"column":6},"end":{"line":29,"column":null}},"14":{"start":{"line":30,"column":6},"end":{"line":30,"column":null}},"15":{"start":{"line":31,"column":6},"end":{"line":31,"column":null}},"16":{"start":{"line":32,"column":6},"end":{"line":32,"column":null}},"17":{"start":{"line":34,"column":6},"end":{"line":34,"column":null}},"18":{"start":{"line":35,"column":6},"end":{"line":35,"column":null}},"19":{"start":{"line":39,"column":22},"end":{"line":132,"column":null}},"20":{"start":{"line":40,"column":24},"end":{"line":40,"column":null}},"21":{"start":{"line":41,"column":4},"end":{"line":131,"column":null}},"22":{"start":{"line":42,"column":6},"end":{"line":126,"column":null}},"23":{"start":{"line":127,"column":6},"end":{"line":127,"column":null}},"24":{"start":{"line":128,"column":6},"end":{"line":130,"column":null}},"25":{"start":{"line":129,"column":8},"end":{"line":129,"column":null}},"26":{"start":{"line":134,"column":24},"end":{"line":137,"column":null}},"27":{"start":{"line":135,"column":4},"end":{"line":135,"column":null}},"28":{"start":{"line":136,"column":4},"end":{"line":136,"column":null}},"29":{"start":{"line":139,"column":2},"end":{"line":264,"column":null}},"30":{"start":{"line":180,"column":29},"end":{"line":180,"column":null}},"31":{"start":{"line":196,"column":27},"end":{"line":196,"column":null}},"32":{"start":{"line":217,"column":31},"end":{"line":217,"column":null}}},"fnMap":{"0":{"name":"QRCodeGenerator","decl":{"start":{"line":8,"column":16},"end":{"line":8,"column":32}},"loc":{"start":{"line":8,"column":108},"end":{"line":266,"column":null}},"line":8},"1":{"name":"(anonymous_1)","decl":{"start":{"line":21,"column":25},"end":{"line":21,"column":37}},"loc":{"start":{"line":21,"column":37},"end":{"line":37,"column":null}},"line":21},"2":{"name":"(anonymous_2)","decl":{"start":{"line":39,"column":22},"end":{"line":39,"column":28}},"loc":{"start":{"line":39,"column":28},"end":{"line":132,"column":null}},"line":39},"3":{"name":"(anonymous_3)","decl":{"start":{"line":128,"column":17},"end":{"line":128,"column":23}},"loc":{"start":{"line":128,"column":23},"end":{"line":130,"column":9}},"line":128},"4":{"name":"(anonymous_4)","decl":{"start":{"line":134,"column":24},"end":{"line":134,"column":30}},"loc":{"start":{"line":134,"column":30},"end":{"line":137,"column":null}},"line":134},"5":{"name":"(anonymous_5)","decl":{"start":{"line":180,"column":22},"end":{"line":180,"column":23}},"loc":{"start":{"line":180,"column":29},"end":{"line":180,"column":null}},"line":180},"6":{"name":"(anonymous_6)","decl":{"start":{"line":196,"column":21},"end":{"line":196,"column":27}},"loc":{"start":{"line":196,"column":27},"end":{"line":196,"column":null}},"line":196},"7":{"name":"(anonymous_7)","decl":{"start":{"line":217,"column":24},"end":{"line":217,"column":25}},"loc":{"start":{"line":217,"column":31},"end":{"line":217,"column":null}},"line":217}},"branchMap":{"0":{"loc":{"start":{"line":8,"column":34},"end":{"line":8,"column":83}},"type":"default-arg","locations":[{"start":{"line":8,"column":47},"end":{"line":8,"column":83}}],"line":8},"1":{"loc":{"start":{"line":14,"column":21},"end":{"line":16,"column":null}},"type":"cond-expr","locations":[{"start":{"line":15,"column":6},"end":{"line":15,"column":null}},{"start":{"line":16,"column":6},"end":{"line":16,"column":null}}],"line":14},"2":{"loc":{"start":{"line":41,"column":4},"end":{"line":131,"column":null}},"type":"if","locations":[{"start":{"line":41,"column":4},"end":{"line":131,"column":null}},{"start":{},"end":{}}],"line":41},"3":{"loc":{"start":{"line":118,"column":16},"end":{"line":121,"column":20}},"type":"cond-expr","locations":[{"start":{"line":118,"column":30},"end":{"line":120,"column":null}},{"start":{"line":121,"column":18},"end":{"line":121,"column":20}}],"line":118},"4":{"loc":{"start":{"line":198,"column":14},"end":{"line":198,"column":null}},"type":"cond-expr","locations":[{"start":{"line":198,"column":28},"end":{"line":198,"column":45}},{"start":{"line":198,"column":45},"end":{"line":198,"column":null}}],"line":198},"5":{"loc":{"start":{"line":203,"column":16},"end":{"line":203,"column":null}},"type":"cond-expr","locations":[{"start":{"line":203,"column":30},"end":{"line":203,"column":48}},{"start":{"line":203,"column":48},"end":{"line":203,"column":null}}],"line":203},"6":{"loc":{"start":{"line":209,"column":9},"end":{"line":221,"column":null}},"type":"binary-expr","locations":[{"start":{"line":209,"column":9},"end":{"line":209,"column":null}},{"start":{"line":210,"column":10},"end":{"line":221,"column":null}}],"line":209}},"s":{"0":23,"1":23,"2":23,"3":23,"4":23,"5":23,"6":1,"7":1,"8":1,"9":1,"10":1,"11":1,"12":1,"13":1,"14":1,"15":1,"16":1,"17":0,"18":0,"19":23,"20":1,"21":1,"22":1,"23":1,"24":1,"25":0,"26":23,"27":1,"28":1,"29":23,"30":1,"31":1,"32":2},"f":{"0":23,"1":1,"2":1,"3":0,"4":1,"5":1,"6":1,"7":2},"b":{"0":[23],"1":[23,0],"2":[1,0],"3":[1,0],"4":[22,1],"5":[22,1],"6":[23,22]},"meta":{"lastBranch":7,"lastFunction":8,"lastStatement":33,"seen":{"f:8:16:8:32":0,"b:8:47:8:83":0,"s:9:34:9:Infinity":0,"s:10:22:10:Infinity":1,"s:11:36:11:Infinity":2,"s:14:21:16:Infinity":3,"b:15:6:15:Infinity:16:6:16:Infinity":1,"s:19:20:19:Infinity":4,"s:21:25:37:Infinity":5,"f:21:25:21:37":1,"s:22:4:36:Infinity":6,"s:23:23:23:Infinity":7,"s:24:19:24:Infinity":8,"s:25:18:25:Infinity":9,"s:26:19:26:Infinity":10,"s:27:6:27:Infinity":11,"s:28:6:28:Infinity":12,"s:29:6:29:Infinity":13,"s:30:6:30:Infinity":14,"s:31:6:31:Infinity":15,"s:32:6:32:Infinity":16,"s:34:6:34:Infinity":17,"s:35:6:35:Infinity":18,"s:39:22:132:Infinity":19,"f:39:22:39:28":2,"s:40:24:40:Infinity":20,"b:41:4:131:Infinity:undefined:undefined:undefined:undefined":2,"s:41:4:131:Infinity":21,"s:42:6:126:Infinity":22,"b:118:30:120:Infinity:121:18:121:20":3,"s:127:6:127:Infinity":23,"s:128:6:130:Infinity":24,"f:128:17:128:23":3,"s:129:8:129:Infinity":25,"s:134:24:137:Infinity":26,"f:134:24:134:30":4,"s:135:4:135:Infinity":27,"s:136:4:136:Infinity":28,"s:139:2:264:Infinity":29,"f:180:22:180:23":5,"s:180:29:180:Infinity":30,"f:196:21:196:27":6,"s:196:27:196:Infinity":31,"b:198:28:198:45:198:45:198:Infinity":4,"b:203:30:203:48:203:48:203:Infinity":5,"b:209:9:209:Infinity:210:10:221:Infinity":6,"f:217:24:217:25":7,"s:217:31:217:Infinity":32}}}
,"/Users/kevin/Development/WeddingPictures/reflets-de-bonheur/src/components/admin/ReactionBreakdown.tsx": {"path":"/Users/kevin/Development/WeddingPictures/reflets-de-bonheur/src/components/admin/ReactionBreakdown.tsx","statementMap":{"0":{"start":{"line":10,"column":2},"end":{"line":17,"column":null}},"1":{"start":{"line":11,"column":4},"end":{"line":15,"column":null}},"2":{"start":{"line":20,"column":19},"end":{"line":20,"column":null}},"3":{"start":{"line":20,"column":50},"end":{"line":20,"column":57}},"4":{"start":{"line":22,"column":2},"end":{"line":95,"column":null}},"5":{"start":{"line":37,"column":28},"end":{"line":37,"column":null}},"6":{"start":{"line":38,"column":25},"end":{"line":45,"column":null}},"7":{"start":{"line":46,"column":29},"end":{"line":46,"column":null}},"8":{"start":{"line":48,"column":10},"end":{"line":74,"column":null}},"9":{"start":{"line":83,"column":12},"end":{"line":91,"column":null}}},"fnMap":{"0":{"name":"ReactionBreakdown","decl":{"start":{"line":9,"column":16},"end":{"line":9,"column":34}},"loc":{"start":{"line":9,"column":89},"end":{"line":97,"column":null}},"line":9},"1":{"name":"(anonymous_1)","decl":{"start":{"line":20,"column":45},"end":{"line":20,"column":50}},"loc":{"start":{"line":20,"column":50},"end":{"line":20,"column":57}},"line":20},"2":{"name":"(anonymous_2)","decl":{"start":{"line":36,"column":23},"end":{"line":36,"column":24}},"loc":{"start":{"line":36,"column":44},"end":{"line":76,"column":9}},"line":36},"3":{"name":"(anonymous_3)","decl":{"start":{"line":82,"column":25},"end":{"line":82,"column":null}},"loc":{"start":{"line":83,"column":12},"end":{"line":91,"column":null}},"line":83}},"branchMap":{"0":{"loc":{"start":{"line":10,"column":2},"end":{"line":17,"column":null}},"type":"if","locations":[{"start":{"line":10,"column":2},"end":{"line":17,"column":null}},{"start":{},"end":{}}],"line":10},"1":{"loc":{"start":{"line":46,"column":29},"end":{"line":46,"column":null}},"type":"binary-expr","locations":[{"start":{"line":46,"column":29},"end":{"line":46,"column":46}},{"start":{"line":46,"column":46},"end":{"line":46,"column":null}}],"line":46}},"s":{"0":15,"1":2,"2":13,"3":35,"4":13,"5":35,"6":35,"7":35,"8":35,"9":35},"f":{"0":15,"1":35,"2":35,"3":35},"b":{"0":[2,13],"1":[35,0]},"meta":{"lastBranch":2,"lastFunction":4,"lastStatement":10,"seen":{"f:9:16:9:34":0,"b:10:2:17:Infinity:undefined:undefined:undefined:undefined":0,"s:10:2:17:Infinity":0,"s:11:4:15:Infinity":1,"s:20:19:20:Infinity":2,"f:20:45:20:50":1,"s:20:50:20:57":3,"s:22:2:95:Infinity":4,"f:36:23:36:24":2,"s:37:28:37:Infinity":5,"s:38:25:45:Infinity":6,"s:46:29:46:Infinity":7,"b:46:29:46:46:46:46:46:Infinity":1,"s:48:10:74:Infinity":8,"f:82:25:82:Infinity":3,"s:83:12:91:Infinity":9}}}
,"/Users/kevin/Development/WeddingPictures/reflets-de-bonheur/src/components/admin/SettingsToggle.tsx": {"path":"/Users/kevin/Development/WeddingPictures/reflets-de-bonheur/src/components/admin/SettingsToggle.tsx","statementMap":{"0":{"start":{"line":8,"column":2},"end":{"line":22,"column":null}},"1":{"start":{"line":10,"column":21},"end":{"line":10,"column":null}}},"fnMap":{"0":{"name":"SettingsToggle","decl":{"start":{"line":7,"column":16},"end":{"line":7,"column":31}},"loc":{"start":{"line":7,"column":92},"end":{"line":24,"column":null}},"line":7},"1":{"name":"(anonymous_1)","decl":{"start":{"line":10,"column":15},"end":{"line":10,"column":21}},"loc":{"start":{"line":10,"column":21},"end":{"line":10,"column":null}},"line":10}},"branchMap":{"0":{"loc":{"start":{"line":7,"column":52},"end":{"line":7,"column":68}},"type":"default-arg","locations":[{"start":{"line":7,"column":62},"end":{"line":7,"column":68}}],"line":7},"1":{"loc":{"start":{"line":13,"column":8},"end":{"line":13,"column":null}},"type":"cond-expr","locations":[{"start":{"line":13,"column":18},"end":{"line":13,"column":36}},{"start":{"line":13,"column":36},"end":{"line":13,"column":null}}],"line":13},"2":{"loc":{"start":{"line":15,"column":18},"end":{"line":15,"column":null}},"type":"cond-expr","locations":[{"start":{"line":15,"column":28},"end":{"line":15,"column":55}},{"start":{"line":15,"column":55},"end":{"line":15,"column":null}}],"line":15},"3":{"loc":{"start":{"line":19,"column":10},"end":{"line":19,"column":null}},"type":"cond-expr","locations":[{"start":{"line":19,"column":20},"end":{"line":19,"column":38}},{"start":{"line":19,"column":38},"end":{"line":19,"column":null}}],"line":19}},"s":{"0":14,"1":2},"f":{"0":14,"1":2},"b":{"0":[14],"1":[4,10],"2":[4,10],"3":[4,10]},"meta":{"lastBranch":4,"lastFunction":2,"lastStatement":2,"seen":{"f:7:16:7:31":0,"b:7:62:7:68":0,"s:8:2:22:Infinity":0,"f:10:15:10:21":1,"s:10:21:10:Infinity":1,"b:13:18:13:36:13:36:13:Infinity":1,"b:15:28:15:55:15:55:15:Infinity":2,"b:19:20:19:38:19:38:19:Infinity":3}}}
,"/Users/kevin/Development/WeddingPictures/reflets-de-bonheur/src/components/admin/StatsCard.tsx": {"path":"/Users/kevin/Development/WeddingPictures/reflets-de-bonheur/src/components/admin/StatsCard.tsx","statementMap":{"0":{"start":{"line":10,"column":2},"end":{"line":23,"column":null}}},"fnMap":{"0":{"name":"StatsCard","decl":{"start":{"line":9,"column":16},"end":{"line":9,"column":26}},"loc":{"start":{"line":9,"column":66},"end":{"line":25,"column":null}},"line":9}},"branchMap":{"0":{"loc":{"start":{"line":12,"column":7},"end":{"line":15,"column":null}},"type":"binary-expr","locations":[{"start":{"line":12,"column":7},"end":{"line":12,"column":null}},{"start":{"line":13,"column":8},"end":{"line":15,"column":null}}],"line":12}},"s":{"0":10},"f":{"0":10},"b":{"0":[10,1]},"meta":{"lastBranch":1,"lastFunction":1,"lastStatement":1,"seen":{"f:9:16:9:26":0,"s:10:2:23:Infinity":0,"b:12:7:12:Infinity:13:8:15:Infinity":0}}}
,"/Users/kevin/Development/WeddingPictures/reflets-de-bonheur/src/components/admin/StorageUsage.tsx": {"path":"/Users/kevin/Development/WeddingPictures/reflets-de-bonheur/src/components/admin/StorageUsage.tsx","statementMap":{"0":{"start":{"line":23,"column":22},"end":{"line":23,"column":null}},"1":{"start":{"line":24,"column":26},"end":{"line":24,"column":null}},"2":{"start":{"line":25,"column":26},"end":{"line":25,"column":null}},"3":{"start":{"line":27,"column":2},"end":{"line":94,"column":null}}},"fnMap":{"0":{"name":"StorageUsage","decl":{"start":{"line":15,"column":16},"end":{"line":15,"column":29}},"loc":{"start":{"line":21,"column":22},"end":{"line":96,"column":null}},"line":21}},"branchMap":{"0":{"loc":{"start":{"line":23,"column":22},"end":{"line":23,"column":null}},"type":"cond-expr","locations":[{"start":{"line":23,"column":37},"end":{"line":23,"column":66}},{"start":{"line":23,"column":66},"end":{"line":23,"column":null}}],"line":23}},"s":{"0":13,"1":13,"2":13,"3":13},"f":{"0":13},"b":{"0":[2,11]},"meta":{"lastBranch":1,"lastFunction":1,"lastStatement":4,"seen":{"f:15:16:15:29":0,"s:23:22:23:Infinity":0,"b:23:37:23:66:23:66:23:Infinity":0,"s:24:26:24:Infinity":1,"s:25:26:25:Infinity":2,"s:27:2:94:Infinity":3}}}
,"/Users/kevin/Development/WeddingPictures/reflets-de-bonheur/src/components/admin/ThemeSelector.tsx": {"path":"/Users/kevin/Development/WeddingPictures/reflets-de-bonheur/src/components/admin/ThemeSelector.tsx","statementMap":{"0":{"start":{"line":12,"column":40},"end":{"line":12,"column":null}},"1":{"start":{"line":13,"column":30},"end":{"line":13,"column":null}},"2":{"start":{"line":15,"column":23},"end":{"line":17,"column":null}},"3":{"start":{"line":16,"column":4},"end":{"line":16,"column":null}},"4":{"start":{"line":19,"column":21},"end":{"line":25,"column":null}},"5":{"start":{"line":20,"column":4},"end":{"line":20,"column":null}},"6":{"start":{"line":22,"column":4},"end":{"line":22,"column":null}},"7":{"start":{"line":22,"column":33},"end":{"line":22,"column":57}},"8":{"start":{"line":23,"column":4},"end":{"line":23,"column":null}},"9":{"start":{"line":24,"column":4},"end":{"line":24,"column":null}},"10":{"start":{"line":27,"column":21},"end":{"line":27,"column":null}},"11":{"start":{"line":29,"column":2},"end":{"line":94,"column":null}},"12":{"start":{"line":49,"column":10},"end":{"line":55,"column":null}},"13":{"start":{"line":54,"column":28},"end":{"line":54,"column":null}},"14":{"start":{"line":107,"column":2},"end":{"line":201,"column":null}}},"fnMap":{"0":{"name":"ThemeSelector","decl":{"start":{"line":11,"column":16},"end":{"line":11,"column":30}},"loc":{"start":{"line":11,"column":96},"end":{"line":96,"column":null}},"line":11},"1":{"name":"(anonymous_1)","decl":{"start":{"line":15,"column":23},"end":{"line":15,"column":24}},"loc":{"start":{"line":15,"column":45},"end":{"line":17,"column":null}},"line":15},"2":{"name":"(anonymous_2)","decl":{"start":{"line":19,"column":21},"end":{"line":19,"column":33}},"loc":{"start":{"line":19,"column":33},"end":{"line":25,"column":null}},"line":19},"3":{"name":"(anonymous_3)","decl":{"start":{"line":22,"column":22},"end":{"line":22,"column":33}},"loc":{"start":{"line":22,"column":33},"end":{"line":22,"column":57}},"line":22},"4":{"name":"(anonymous_4)","decl":{"start":{"line":48,"column":23},"end":{"line":48,"column":24}},"loc":{"start":{"line":49,"column":10},"end":{"line":55,"column":null}},"line":49},"5":{"name":"(anonymous_5)","decl":{"start":{"line":54,"column":22},"end":{"line":54,"column":28}},"loc":{"start":{"line":54,"column":28},"end":{"line":54,"column":null}},"line":54},"6":{"name":"ThemeCard","decl":{"start":{"line":106,"column":9},"end":{"line":106,"column":19}},"loc":{"start":{"line":106,"column":79},"end":{"line":203,"column":null}},"line":106}},"branchMap":{"0":{"loc":{"start":{"line":62,"column":9},"end":{"line":71,"column":null}},"type":"binary-expr","locations":[{"start":{"line":62,"column":9},"end":{"line":62,"column":null}},{"start":{"line":63,"column":10},"end":{"line":71,"column":null}}],"line":62},"1":{"loc":{"start":{"line":77,"column":20},"end":{"line":77,"column":null}},"type":"binary-expr","locations":[{"start":{"line":77,"column":20},"end":{"line":77,"column":35}},{"start":{"line":77,"column":35},"end":{"line":77,"column":null}}],"line":77},"2":{"loc":{"start":{"line":79,"column":12},"end":{"line":81,"column":null}},"type":"cond-expr","locations":[{"start":{"line":80,"column":16},"end":{"line":80,"column":null}},{"start":{"line":81,"column":16},"end":{"line":81,"column":null}}],"line":79},"3":{"loc":{"start":{"line":84,"column":11},"end":{"line":90,"column":null}},"type":"cond-expr","locations":[{"start":{"line":85,"column":12},"end":{"line":88,"column":null}},{"start":{"line":90,"column":12},"end":{"line":90,"column":null}}],"line":84},"4":{"loc":{"start":{"line":111,"column":8},"end":{"line":113,"column":null}},"type":"cond-expr","locations":[{"start":{"line":112,"column":12},"end":{"line":112,"column":null}},{"start":{"line":113,"column":12},"end":{"line":113,"column":null}}],"line":111},"5":{"loc":{"start":{"line":117,"column":7},"end":{"line":120,"column":null}},"type":"binary-expr","locations":[{"start":{"line":117,"column":7},"end":{"line":117,"column":null}},{"start":{"line":118,"column":8},"end":{"line":120,"column":null}}],"line":117},"6":{"loc":{"start":{"line":124,"column":7},"end":{"line":127,"column":null}},"type":"binary-expr","locations":[{"start":{"line":124,"column":7},"end":{"line":124,"column":20}},{"start":{"line":124,"column":20},"end":{"line":124,"column":null}},{"start":{"line":125,"column":8},"end":{"line":127,"column":null}}],"line":124},"7":{"loc":{"start":{"line":143,"column":13},"end":{"line":147,"column":null}},"type":"binary-expr","locations":[{"start":{"line":143,"column":13},"end":{"line":143,"column":null}},{"start":{"line":144,"column":14},"end":{"line":147,"column":null}}],"line":143}},"s":{"0":23,"1":23,"2":23,"3":5,"4":23,"5":2,"6":2,"7":2,"8":1,"9":1,"10":23,"11":23,"12":46,"13":5,"14":46},"f":{"0":23,"1":5,"2":2,"3":2,"4":46,"5":5,"6":46},"b":{"0":[23,1],"1":[23,8],"2":[8,15],"3":[2,21],"4":[23,23],"5":[46,23],"6":[46,23,8],"7":[46,23]},"meta":{"lastBranch":8,"lastFunction":7,"lastStatement":15,"seen":{"f:11:16:11:30":0,"s:12:40:12:Infinity":0,"s:13:30:13:Infinity":1,"s:15:23:17:Infinity":2,"f:15:23:15:24":1,"s:16:4:16:Infinity":3,"s:19:21:25:Infinity":4,"f:19:21:19:33":2,"s:20:4:20:Infinity":5,"s:22:4:22:Infinity":6,"f:22:22:22:33":3,"s:22:33:22:57":7,"s:23:4:23:Infinity":8,"s:24:4:24:Infinity":9,"s:27:21:27:Infinity":10,"s:29:2:94:Infinity":11,"f:48:23:48:24":4,"s:49:10:55:Infinity":12,"f:54:22:54:28":5,"s:54:28:54:Infinity":13,"b:62:9:62:Infinity:63:10:71:Infinity":0,"b:77:20:77:35:77:35:77:Infinity":1,"b:80:16:80:Infinity:81:16:81:Infinity":2,"b:85:12:88:Infinity:90:12:90:Infinity":3,"f:106:9:106:19":6,"s:107:2:201:Infinity":14,"b:112:12:112:Infinity:113:12:113:Infinity":4,"b:117:7:117:Infinity:118:8:120:Infinity":5,"b:124:7:124:20:124:20:124:Infinity:125:8:127:Infinity":6,"b:143:13:143:Infinity:144:14:147:Infinity":7}}}
,"/Users/kevin/Development/WeddingPictures/reflets-de-bonheur/src/components/admin/TimelineGraph.tsx": {"path":"/Users/kevin/Development/WeddingPictures/reflets-de-bonheur/src/components/admin/TimelineGraph.tsx","statementMap":{"0":{"start":{"line":8,"column":2},"end":{"line":14,"column":null}},"1":{"start":{"line":9,"column":4},"end":{"line":12,"column":null}},"2":{"start":{"line":17,"column":19},"end":{"line":17,"column":null}},"3":{"start":{"line":17,"column":45},"end":{"line":17,"column":52}},"4":{"start":{"line":20,"column":23},"end":{"line":22,"column":null}},"5":{"start":{"line":21,"column":4},"end":{"line":21,"column":null}},"6":{"start":{"line":24,"column":2},"end":{"line":107,"column":null}},"7":{"start":{"line":29,"column":25},"end":{"line":29,"column":null}},"8":{"start":{"line":30,"column":26},"end":{"line":30,"column":null}},"9":{"start":{"line":32,"column":10},"end":{"line":63,"column":null}},"10":{"start":{"line":92,"column":48},"end":{"line":92,"column":63}}},"fnMap":{"0":{"name":"TimelineGraph","decl":{"start":{"line":7,"column":16},"end":{"line":7,"column":30}},"loc":{"start":{"line":7,"column":60},"end":{"line":109,"column":null}},"line":7},"1":{"name":"(anonymous_1)","decl":{"start":{"line":17,"column":40},"end":{"line":17,"column":45}},"loc":{"start":{"line":17,"column":45},"end":{"line":17,"column":52}},"line":17},"2":{"name":"(anonymous_2)","decl":{"start":{"line":20,"column":23},"end":{"line":20,"column":24}},"loc":{"start":{"line":20,"column":42},"end":{"line":22,"column":null}},"line":20},"3":{"name":"(anonymous_3)","decl":{"start":{"line":28,"column":18},"end":{"line":28,"column":19}},"loc":{"start":{"line":28,"column":34},"end":{"line":65,"column":9}},"line":28},"4":{"name":"(anonymous_4)","decl":{"start":{"line":92,"column":36},"end":{"line":92,"column":37}},"loc":{"start":{"line":92,"column":48},"end":{"line":92,"column":63}},"line":92}},"branchMap":{"0":{"loc":{"start":{"line":8,"column":2},"end":{"line":14,"column":null}},"type":"if","locations":[{"start":{"line":8,"column":2},"end":{"line":14,"column":null}},{"start":{},"end":{}}],"line":8},"1":{"loc":{"start":{"line":36,"column":63},"end":{"line":36,"column":87}},"type":"cond-expr","locations":[{"start":{"line":36,"column":79},"end":{"line":36,"column":85}},{"start":{"line":36,"column":85},"end":{"line":36,"column":87}}],"line":36},"2":{"loc":{"start":{"line":41,"column":18},"end":{"line":43,"column":null}},"type":"cond-expr","locations":[{"start":{"line":42,"column":22},"end":{"line":42,"column":null}},{"start":{"line":43,"column":22},"end":{"line":43,"column":null}}],"line":41},"3":{"loc":{"start":{"line":45,"column":58},"end":{"line":45,"column":88}},"type":"cond-expr","locations":[{"start":{"line":45,"column":74},"end":{"line":45,"column":82}},{"start":{"line":45,"column":82},"end":{"line":45,"column":88}}],"line":45},"4":{"loc":{"start":{"line":50,"column":42},"end":{"line":50,"column":67}},"type":"cond-expr","locations":[{"start":{"line":50,"column":58},"end":{"line":50,"column":64}},{"start":{"line":50,"column":64},"end":{"line":50,"column":67}}],"line":50},"5":{"loc":{"start":{"line":55,"column":14},"end":{"line":61,"column":null}},"type":"binary-expr","locations":[{"start":{"line":58,"column":16},"end":{"line":58,"column":36}},{"start":{"line":58,"column":36},"end":{"line":58,"column":null}},{"start":{"line":59,"column":16},"end":{"line":61,"column":null}}],"line":55}},"s":{"0":17,"1":1,"2":16,"3":53,"4":16,"5":53,"6":16,"7":53,"8":53,"9":53,"10":53},"f":{"0":17,"1":53,"2":53,"3":53,"4":53},"b":{"0":[1,16],"1":[50,3],"2":[12,41],"3":[52,1],"4":[50,3],"5":[53,14,46]},"meta":{"lastBranch":6,"lastFunction":5,"lastStatement":11,"seen":{"f:7:16:7:30":0,"b:8:2:14:Infinity:undefined:undefined:undefined:undefined":0,"s:8:2:14:Infinity":0,"s:9:4:12:Infinity":1,"s:17:19:17:Infinity":2,"f:17:40:17:45":1,"s:17:45:17:52":3,"s:20:23:22:Infinity":4,"f:20:23:20:24":2,"s:21:4:21:Infinity":5,"s:24:2:107:Infinity":6,"f:28:18:28:19":3,"s:29:25:29:Infinity":7,"s:30:26:30:Infinity":8,"s:32:10:63:Infinity":9,"b:36:79:36:85:36:85:36:87":1,"b:42:22:42:Infinity:43:22:43:Infinity":2,"b:45:74:45:82:45:82:45:88":3,"b:50:58:50:64:50:64:50:67":4,"b:58:16:58:36:58:36:58:Infinity:59:16:61:Infinity":5,"f:92:36:92:37":4,"s:92:48:92:63":10}}}
,"/Users/kevin/Development/WeddingPictures/reflets-de-bonheur/src/components/admin/TopUploaders.tsx": {"path":"/Users/kevin/Development/WeddingPictures/reflets-de-bonheur/src/components/admin/TopUploaders.tsx","statementMap":{"0":{"start":{"line":10,"column":27},"end":{"line":10,"column":null}},"1":{"start":{"line":12,"column":2},"end":{"line":18,"column":null}},"2":{"start":{"line":13,"column":4},"end":{"line":16,"column":null}},"3":{"start":{"line":20,"column":2},"end":{"line":94,"column":null}},"4":{"start":{"line":23,"column":22},"end":{"line":23,"column":null}},"5":{"start":{"line":24,"column":23},"end":{"line":24,"column":null}},"6":{"start":{"line":25,"column":22},"end":{"line":25,"column":null}},"7":{"start":{"line":27,"column":8},"end":{"line":84,"column":null}}},"fnMap":{"0":{"name":"TopUploaders","decl":{"start":{"line":9,"column":16},"end":{"line":9,"column":29}},"loc":{"start":{"line":9,"column":74},"end":{"line":96,"column":null}},"line":9},"1":{"name":"(anonymous_1)","decl":{"start":{"line":22,"column":28},"end":{"line":22,"column":29}},"loc":{"start":{"line":22,"column":49},"end":{"line":86,"column":7}},"line":22}},"branchMap":{"0":{"loc":{"start":{"line":9,"column":42},"end":{"line":9,"column":52}},"type":"default-arg","locations":[{"start":{"line":9,"column":50},"end":{"line":9,"column":52}}],"line":9},"1":{"loc":{"start":{"line":12,"column":2},"end":{"line":18,"column":null}},"type":"if","locations":[{"start":{"line":12,"column":2},"end":{"line":18,"column":null}},{"start":{},"end":{}}],"line":12},"2":{"loc":{"start":{"line":25,"column":22},"end":{"line":25,"column":null}},"type":"cond-expr","locations":[{"start":{"line":25,"column":34},"end":{"line":25,"column":50}},{"start":{"line":25,"column":50},"end":{"line":25,"column":null}}],"line":25},"3":{"loc":{"start":{"line":31,"column":14},"end":{"line":33,"column":null}},"type":"cond-expr","locations":[{"start":{"line":32,"column":18},"end":{"line":32,"column":null}},{"start":{"line":33,"column":18},"end":{"line":33,"column":null}}],"line":31},"4":{"loc":{"start":{"line":40,"column":19},"end":{"line":40,"column":null}},"type":"binary-expr","locations":[{"start":{"line":40,"column":19},"end":{"line":40,"column":28}},{"start":{"line":40,"column":28},"end":{"line":40,"column":null}}],"line":40},"5":{"loc":{"start":{"line":78,"column":20},"end":{"line":78,"column":null}},"type":"cond-expr","locations":[{"start":{"line":78,"column":28},"end":{"line":78,"column":45}},{"start":{"line":78,"column":45},"end":{"line":78,"column":null}}],"line":78},"6":{"loc":{"start":{"line":89,"column":7},"end":{"line":92,"column":null}},"type":"binary-expr","locations":[{"start":{"line":89,"column":7},"end":{"line":89,"column":null}},{"start":{"line":90,"column":8},"end":{"line":92,"column":null}}],"line":89},"7":{"loc":{"start":{"line":91,"column":45},"end":{"line":91,"column":85}},"type":"cond-expr","locations":[{"start":{"line":91,"column":76},"end":{"line":91,"column":82}},{"start":{"line":91,"column":82},"end":{"line":91,"column":85}}],"line":91},"8":{"loc":{"start":{"line":91,"column":95},"end":{"line":91,"column":null}},"type":"cond-expr","locations":[{"start":{"line":91,"column":126},"end":{"line":91,"column":132}},{"start":{"line":91,"column":132},"end":{"line":91,"column":null}}],"line":91}},"s":{"0":16,"1":16,"2":1,"3":15,"4":51,"5":51,"6":51,"7":51},"f":{"0":16,"1":51},"b":{"0":[16],"1":[1,15],"2":[44,7],"3":[15,36],"4":[51,44],"5":[15,36],"6":[15,4],"7":[2,2],"8":[2,2]},"meta":{"lastBranch":9,"lastFunction":2,"lastStatement":8,"seen":{"f:9:16:9:29":0,"b:9:50:9:52":0,"s:10:27:10:Infinity":0,"b:12:2:18:Infinity:undefined:undefined:undefined:undefined":1,"s:12:2:18:Infinity":1,"s:13:4:16:Infinity":2,"s:20:2:94:Infinity":3,"f:22:28:22:29":1,"s:23:22:23:Infinity":4,"s:24:23:24:Infinity":5,"s:25:22:25:Infinity":6,"b:25:34:25:50:25:50:25:Infinity":2,"s:27:8:84:Infinity":7,"b:32:18:32:Infinity:33:18:33:Infinity":3,"b:40:19:40:28:40:28:40:Infinity":4,"b:78:28:78:45:78:45:78:Infinity":5,"b:89:7:89:Infinity:90:8:92:Infinity":6,"b:91:76:91:82:91:82:91:85":7,"b:91:126:91:132:91:132:91:Infinity":8}}}
,"/Users/kevin/Development/WeddingPictures/reflets-de-bonheur/src/components/auth/EnhancedLoginForm.tsx": {"path":"/Users/kevin/Development/WeddingPictures/reflets-de-bonheur/src/components/auth/EnhancedLoginForm.tsx","statementMap":{"0":{"start":{"line":14,"column":22},"end":{"line":14,"column":null}},"1":{"start":{"line":17,"column":22},"end":{"line":17,"column":null}},"2":{"start":{"line":18,"column":32},"end":{"line":18,"column":null}},"3":{"start":{"line":21,"column":30},"end":{"line":21,"column":null}},"4":{"start":{"line":22,"column":30},"end":{"line":22,"column":null}},"5":{"start":{"line":23,"column":38},"end":{"line":23,"column":null}},"6":{"start":{"line":26,"column":24},"end":{"line":26,"column":null}},"7":{"start":{"line":27,"column":28},"end":{"line":27,"column":null}},"8":{"start":{"line":29,"column":27},"end":{"line":68,"column":null}},"9":{"start":{"line":30,"column":4},"end":{"line":30,"column":null}},"10":{"start":{"line":31,"column":4},"end":{"line":31,"column":null}},"11":{"start":{"line":32,"column":4},"end":{"line":32,"column":null}},"12":{"start":{"line":34,"column":4},"end":{"line":67,"column":null}},"13":{"start":{"line":36,"column":21},"end":{"line":36,"column":null}},"14":{"start":{"line":38,"column":6},"end":{"line":46,"column":null}},"15":{"start":{"line":40,"column":8},"end":{"line":44,"column":null}},"16":{"start":{"line":41,"column":10},"end":{"line":41,"column":null}},"17":{"start":{"line":43,"column":10},"end":{"line":43,"column":null}},"18":{"start":{"line":45,"column":8},"end":{"line":45,"column":null}},"19":{"start":{"line":49,"column":12},"end":{"line":49,"column":null}},"20":{"start":{"line":50,"column":6},"end":{"line":53,"column":null}},"21":{"start":{"line":51,"column":8},"end":{"line":51,"column":null}},"22":{"start":{"line":52,"column":8},"end":{"line":52,"column":null}},"23":{"start":{"line":55,"column":6},"end":{"line":55,"column":null}},"24":{"start":{"line":57,"column":6},"end":{"line":57,"column":null}},"25":{"start":{"line":59,"column":12},"end":{"line":59,"column":null}},"26":{"start":{"line":60,"column":6},"end":{"line":63,"column":null}},"27":{"start":{"line":61,"column":8},"end":{"line":61,"column":null}},"28":{"start":{"line":62,"column":8},"end":{"line":62,"column":null}},"29":{"start":{"line":64,"column":6},"end":{"line":64,"column":null}},"30":{"start":{"line":66,"column":6},"end":{"line":66,"column":null}},"31":{"start":{"line":70,"column":29},"end":{"line":90,"column":null}},"32":{"start":{"line":71,"column":4},"end":{"line":71,"column":null}},"33":{"start":{"line":72,"column":4},"end":{"line":72,"column":null}},"34":{"start":{"line":73,"column":4},"end":{"line":73,"column":null}},"35":{"start":{"line":75,"column":4},"end":{"line":89,"column":null}},"36":{"start":{"line":76,"column":21},"end":{"line":76,"column":null}},"37":{"start":{"line":78,"column":6},"end":{"line":83,"column":null}},"38":{"start":{"line":80,"column":8},"end":{"line":80,"column":null}},"39":{"start":{"line":82,"column":8},"end":{"line":82,"column":null}},"40":{"start":{"line":85,"column":6},"end":{"line":85,"column":null}},"41":{"start":{"line":86,"column":6},"end":{"line":86,"column":null}},"42":{"start":{"line":88,"column":6},"end":{"line":88,"column":null}},"43":{"start":{"line":92,"column":2},"end":{"line":290,"column":null}},"44":{"start":{"line":112,"column":27},"end":{"line":112,"column":null}},"45":{"start":{"line":123,"column":27},"end":{"line":123,"column":null}},"46":{"start":{"line":150,"column":33},"end":{"line":150,"column":null}},"47":{"start":{"line":162,"column":33},"end":{"line":162,"column":null}},"48":{"start":{"line":192,"column":33},"end":{"line":192,"column":null}},"49":{"start":{"line":199,"column":33},"end":{"line":199,"column":null}},"50":{"start":{"line":223,"column":35},"end":{"line":223,"column":null}},"51":{"start":{"line":243,"column":35},"end":{"line":243,"column":null}},"52":{"start":{"line":251,"column":33},"end":{"line":251,"column":null}}},"fnMap":{"0":{"name":"EnhancedLoginForm","decl":{"start":{"line":13,"column":16},"end":{"line":13,"column":36}},"loc":{"start":{"line":13,"column":36},"end":{"line":292,"column":null}},"line":13},"1":{"name":"(anonymous_1)","decl":{"start":{"line":29,"column":27},"end":{"line":29,"column":34}},"loc":{"start":{"line":29,"column":51},"end":{"line":68,"column":null}},"line":29},"2":{"name":"(anonymous_2)","decl":{"start":{"line":70,"column":29},"end":{"line":70,"column":36}},"loc":{"start":{"line":70,"column":53},"end":{"line":90,"column":null}},"line":70},"3":{"name":"(anonymous_3)","decl":{"start":{"line":112,"column":21},"end":{"line":112,"column":27}},"loc":{"start":{"line":112,"column":27},"end":{"line":112,"column":null}},"line":112},"4":{"name":"(anonymous_4)","decl":{"start":{"line":123,"column":21},"end":{"line":123,"column":27}},"loc":{"start":{"line":123,"column":27},"end":{"line":123,"column":null}},"line":123},"5":{"name":"(anonymous_5)","decl":{"start":{"line":150,"column":26},"end":{"line":150,"column":27}},"loc":{"start":{"line":150,"column":33},"end":{"line":150,"column":null}},"line":150},"6":{"name":"(anonymous_6)","decl":{"start":{"line":162,"column":26},"end":{"line":162,"column":27}},"loc":{"start":{"line":162,"column":33},"end":{"line":162,"column":null}},"line":162},"7":{"name":"(anonymous_7)","decl":{"start":{"line":192,"column":27},"end":{"line":192,"column":33}},"loc":{"start":{"line":192,"column":33},"end":{"line":192,"column":null}},"line":192},"8":{"name":"(anonymous_8)","decl":{"start":{"line":199,"column":27},"end":{"line":199,"column":33}},"loc":{"start":{"line":199,"column":33},"end":{"line":199,"column":null}},"line":199},"9":{"name":"(anonymous_9)","decl":{"start":{"line":223,"column":28},"end":{"line":223,"column":29}},"loc":{"start":{"line":223,"column":35},"end":{"line":223,"column":null}},"line":223},"10":{"name":"(anonymous_10)","decl":{"start":{"line":243,"column":28},"end":{"line":243,"column":29}},"loc":{"start":{"line":243,"column":35},"end":{"line":243,"column":null}},"line":243},"11":{"name":"(anonymous_11)","decl":{"start":{"line":251,"column":27},"end":{"line":251,"column":33}},"loc":{"start":{"line":251,"column":33},"end":{"line":251,"column":null}},"line":251}},"branchMap":{"0":{"loc":{"start":{"line":36,"column":58},"end":{"line":36,"column":80}},"type":"binary-expr","locations":[{"start":{"line":36,"column":58},"end":{"line":36,"column":71}},{"start":{"line":36,"column":71},"end":{"line":36,"column":80}}],"line":36},"1":{"loc":{"start":{"line":38,"column":6},"end":{"line":46,"column":null}},"type":"if","locations":[{"start":{"line":38,"column":6},"end":{"line":46,"column":null}},{"start":{},"end":{}}],"line":38},"2":{"loc":{"start":{"line":38,"column":10},"end":{"line":38,"column":43}},"type":"binary-expr","locations":[{"start":{"line":38,"column":10},"end":{"line":38,"column":28}},{"start":{"line":38,"column":28},"end":{"line":38,"column":43}}],"line":38},"3":{"loc":{"start":{"line":40,"column":8},"end":{"line":44,"column":null}},"type":"if","locations":[{"start":{"line":40,"column":8},"end":{"line":44,"column":null}},{"start":{"line":42,"column":15},"end":{"line":44,"column":null}}],"line":40},"4":{"loc":{"start":{"line":50,"column":6},"end":{"line":53,"column":null}},"type":"if","locations":[{"start":{"line":50,"column":6},"end":{"line":53,"column":null}},{"start":{},"end":{}}],"line":50},"5":{"loc":{"start":{"line":55,"column":15},"end":{"line":55,"column":68}},"type":"binary-expr","locations":[{"start":{"line":55,"column":15},"end":{"line":55,"column":31}},{"start":{"line":55,"column":31},"end":{"line":55,"column":68}}],"line":55},"6":{"loc":{"start":{"line":60,"column":6},"end":{"line":63,"column":null}},"type":"if","locations":[{"start":{"line":60,"column":6},"end":{"line":63,"column":null}},{"start":{},"end":{}}],"line":60},"7":{"loc":{"start":{"line":78,"column":6},"end":{"line":83,"column":null}},"type":"if","locations":[{"start":{"line":78,"column":6},"end":{"line":83,"column":null}},{"start":{"line":81,"column":13},"end":{"line":83,"column":null}}],"line":78},"8":{"loc":{"start":{"line":78,"column":10},"end":{"line":78,"column":43}},"type":"binary-expr","locations":[{"start":{"line":78,"column":10},"end":{"line":78,"column":28}},{"start":{"line":78,"column":28},"end":{"line":78,"column":43}}],"line":78},"9":{"loc":{"start":{"line":82,"column":17},"end":{"line":82,"column":59}},"type":"binary-expr","locations":[{"start":{"line":82,"column":17},"end":{"line":82,"column":33}},{"start":{"line":82,"column":33},"end":{"line":82,"column":59}}],"line":82},"10":{"loc":{"start":{"line":114,"column":14},"end":{"line":116,"column":null}},"type":"cond-expr","locations":[{"start":{"line":115,"column":18},"end":{"line":115,"column":null}},{"start":{"line":116,"column":18},"end":{"line":116,"column":null}}],"line":114},"11":{"loc":{"start":{"line":125,"column":14},"end":{"line":127,"column":null}},"type":"cond-expr","locations":[{"start":{"line":126,"column":18},"end":{"line":126,"column":null}},{"start":{"line":127,"column":18},"end":{"line":127,"column":null}}],"line":125},"12":{"loc":{"start":{"line":135,"column":9},"end":{"line":139,"column":null}},"type":"binary-expr","locations":[{"start":{"line":135,"column":9},"end":{"line":135,"column":null}},{"start":{"line":136,"column":10},"end":{"line":139,"column":null}}],"line":135},"13":{"loc":{"start":{"line":143,"column":9},"end":{"line":206,"column":null}},"type":"binary-expr","locations":[{"start":{"line":143,"column":9},"end":{"line":143,"column":null}},{"start":{"line":144,"column":10},"end":{"line":206,"column":null}}],"line":143},"14":{"loc":{"start":{"line":173,"column":15},"end":{"line":182,"column":null}},"type":"cond-expr","locations":[{"start":{"line":174,"column":16},"end":{"line":180,"column":null}},{"start":{"line":182,"column":16},"end":{"line":182,"column":null}}],"line":173},"15":{"loc":{"start":{"line":210,"column":9},"end":{"line":287,"column":null}},"type":"binary-expr","locations":[{"start":{"line":210,"column":9},"end":{"line":210,"column":null}},{"start":{"line":211,"column":10},"end":{"line":287,"column":null}}],"line":210},"16":{"loc":{"start":{"line":240,"column":24},"end":{"line":240,"column":null}},"type":"cond-expr","locations":[{"start":{"line":240,"column":39},"end":{"line":240,"column":48}},{"start":{"line":240,"column":48},"end":{"line":240,"column":null}}],"line":240},"17":{"loc":{"start":{"line":254,"column":19},"end":{"line":254,"column":null}},"type":"cond-expr","locations":[{"start":{"line":254,"column":34},"end":{"line":254,"column":57}},{"start":{"line":254,"column":57},"end":{"line":254,"column":null}}],"line":254},"18":{"loc":{"start":{"line":264,"column":15},"end":{"line":273,"column":null}},"type":"cond-expr","locations":[{"start":{"line":265,"column":16},"end":{"line":271,"column":null}},{"start":{"line":273,"column":16},"end":{"line":273,"column":null}}],"line":264}},"s":{"0":0,"1":0,"2":0,"3":0,"4":0,"5":0,"6":0,"7":0,"8":0,"9":0,"10":0,"11":0,"12":0,"13":0,"14":0,"15":0,"16":0,"17":0,"18":0,"19":0,"20":0,"21":0,"22":0,"23":0,"24":0,"25":0,"26":0,"27":0,"28":0,"29":0,"30":0,"31":0,"32":0,"33":0,"34":0,"35":0,"36":0,"37":0,"38":0,"39":0,"40":0,"41":0,"42":0,"43":0,"44":0,"45":0,"46":0,"47":0,"48":0,"49":0,"50":0,"51":0,"52":0},"f":{"0":0,"1":0,"2":0,"3":0,"4":0,"5":0,"6":0,"7":0,"8":0,"9":0,"10":0,"11":0},"b":{"0":[0,0],"1":[0,0],"2":[0,0],"3":[0,0],"4":[0,0],"5":[0,0],"6":[0,0],"7":[0,0],"8":[0,0],"9":[0,0],"10":[0,0],"11":[0,0],"12":[0,0],"13":[0,0],"14":[0,0],"15":[0,0],"16":[0,0],"17":[0,0],"18":[0,0]},"meta":{"lastBranch":19,"lastFunction":12,"lastStatement":53,"seen":{"f:13:16:13:36":0,"s:14:22:14:Infinity":0,"s:17:22:17:Infinity":1,"s:18:32:18:Infinity":2,"s:21:30:21:Infinity":3,"s:22:30:22:Infinity":4,"s:23:38:23:Infinity":5,"s:26:24:26:Infinity":6,"s:27:28:27:Infinity":7,"s:29:27:68:Infinity":8,"f:29:27:29:34":1,"s:30:4:30:Infinity":9,"s:31:4:31:Infinity":10,"s:32:4:32:Infinity":11,"s:34:4:67:Infinity":12,"s:36:21:36:Infinity":13,"b:36:58:36:71:36:71:36:80":0,"b:38:6:46:Infinity:undefined:undefined:undefined:undefined":1,"s:38:6:46:Infinity":14,"b:38:10:38:28:38:28:38:43":2,"b:40:8:44:Infinity:42:15:44:Infinity":3,"s:40:8:44:Infinity":15,"s:41:10:41:Infinity":16,"s:43:10:43:Infinity":17,"s:45:8:45:Infinity":18,"s:49:12:49:Infinity":19,"b:50:6:53:Infinity:undefined:undefined:undefined:undefined":4,"s:50:6:53:Infinity":20,"s:51:8:51:Infinity":21,"s:52:8:52:Infinity":22,"s:55:6:55:Infinity":23,"b:55:15:55:31:55:31:55:68":5,"s:57:6:57:Infinity":24,"s:59:12:59:Infinity":25,"b:60:6:63:Infinity:undefined:undefined:undefined:undefined":6,"s:60:6:63:Infinity":26,"s:61:8:61:Infinity":27,"s:62:8:62:Infinity":28,"s:64:6:64:Infinity":29,"s:66:6:66:Infinity":30,"s:70:29:90:Infinity":31,"f:70:29:70:36":2,"s:71:4:71:Infinity":32,"s:72:4:72:Infinity":33,"s:73:4:73:Infinity":34,"s:75:4:89:Infinity":35,"s:76:21:76:Infinity":36,"b:78:6:83:Infinity:81:13:83:Infinity":7,"s:78:6:83:Infinity":37,"b:78:10:78:28:78:28:78:43":8,"s:80:8:80:Infinity":38,"s:82:8:82:Infinity":39,"b:82:17:82:33:82:33:82:59":9,"s:85:6:85:Infinity":40,"s:86:6:86:Infinity":41,"s:88:6:88:Infinity":42,"s:92:2:290:Infinity":43,"f:112:21:112:27":3,"s:112:27:112:Infinity":44,"b:115:18:115:Infinity:116:18:116:Infinity":10,"f:123:21:123:27":4,"s:123:27:123:Infinity":45,"b:126:18:126:Infinity:127:18:127:Infinity":11,"b:135:9:135:Infinity:136:10:139:Infinity":12,"b:143:9:143:Infinity:144:10:206
[...]
:0,"21":0,"22":0,"23":0,"24":0,"25":0,"26":0,"27":0,"28":0,"29":0,"30":0,"31":0,"32":0,"33":0,"34":0,"35":0,"36":0,"37":0,"38":0,"39":0,"40":0,"41":0,"42":0,"43":0,"44":0,"45":0,"46":0,"47":0,"48":0,"49":0,"50":0,"51":0,"52":0},"b":{"0":[0,0],"1":[0,0],"2":[0,0],"3":[0,0],"4":[0,0],"5":[0,0],"6":[0,0],"7":[0,0],"8":[0,0],"9":[0,0],"10":[0,0],"11":[0,0],"12":[0,0],"13":[0,0],"14":[0,0],"15":[0,0],"16":[0,0],"17":[0,0],"18":[0,0],"19":[0,0],"20":[0,0],"21":[0,0],"22":[0,0],"23":[0,0],"24":[0,0],"25":[0,0],"26":[0,0],"27":[0,0],"28":[0,0],"29":[0,0],"30":[0,0],"31":[0,0],"32":[0,0],"33":[0,0],"34":[0],"35":[0,0],"36":[0,0],"37":[0,0],"38":[0,0],"39":[0,0],"40":[0,0],"41":[0,0],"42":[0,0],"43":[0,0],"44":[0,0],"45":[0,0],"46":[0,0],"47":[0,0],"48":[0,0],"49":[0,0],"50":[0,0],"51":[0,0],"52":[0,0],"53":[0,0],"54":[0,0],"55":[0,0],"56":[0,0],"57":[0,0],"58":[0,0],"59":[0,0],"60":[0,0],"61":[0,0],"62":[0,0],"63":[0,0],"64":[0,0],"65":[0,0],"66":[0,0],"67":[0,0],"68":[0,0],"69":[0,0],"70":[0,0],"71":[0,0],"72":[0,0],"73":[0,0],"74":[0,0],"75":[0,0],"76":[0,0],"77":[0,0],"78":[0,0],"79":[0,0],"80":[0,0],"81":[0,0],"82":[0,0],"83":[0,0],"84":[0,0]},"meta":{"lastBranch":85,"lastFunction":53,"lastStatement":232,"seen":{"f:24:2:24:Infinity":0,"s:29:4:29:Infinity":0,"s:26:11:26:Infinity":1,"s:27:11:27:Infinity":2,"s:30:4:30:Infinity":3,"f:34:9:34:21":1,"s:35:2:35:Infinity":4,"b:36:2:38:Infinity:undefined:undefined:undefined:undefined":0,"s:36:2:38:Infinity":5,"s:37:4:37:Infinity":6,"s:39:2:39:Infinity":7,"s:46:27:78:Infinity":8,"f:47:8:47:12":2,"s:48:28:52:Infinity":9,"b:54:4:57:Infinity:undefined:undefined:undefined:undefined":1,"s:54:4:57:Infinity":10,"b:55:6:55:Infinity:undefined:undefined:undefined:undefined":2,"s:55:6:55:Infinity":11,"s:55:37:55:Infinity":12,"s:56:6:56:Infinity":13,"s:58:4:58:Infinity":14,"f:61:8:61:15":3,"s:62:28:67:Infinity":15,"b:69:4:69:Infinity:undefined:undefined:undefined:undefined":3,"s:69:4:69:Infinity":16,"s:69:15:69:Infinity":17,"s:70:4:70:Infinity":18,"f:73:8:73:46":4,"s:74:31:74:Infinity":19,"b:75:4:75:Infinity:undefined:undefined:undefined:undefined":4,"s:75:4:75:Infinity":20,"s:75:15:75:Infinity":21,"s:76:4:76:Infinity":22,"s:84:27:192:Infinity":23,"f:85:8:85:18":5,"s:86:28:90:Infinity":24,"b:92:4:95:Infinity:undefined:undefined:undefined:undefined":5,"s:92:4:95:Infinity":25,"b:93:6:93:Infinity:undefined:undefined:undefined:undefined":6,"s:93:6:93:Infinity":26,"s:93:37:93:Infinity":27,"s:94:6:94:Infinity":28,"s:96:4:96:Infinity":29,"f:99:8:99:16":6,"s:100:28:104:Infinity":30,"b:106:4:109:Infinity:undefined:undefined:undefined:undefined":7,"s:106:4:109:Infinity":31,"b:107:6:107:Infinity:undefined:undefined:undefined:undefined":8,"s:107:6:107:Infinity":32,"s:107:37:107:Infinity":33,"s:108:6:108:Infinity":34,"s:110:4:110:Infinity":35,"f:113:8:113:21":7,"s:114:28:118:Infinity":36,"b:120:4:120:Infinity:undefined:undefined:undefined:undefined":9,"s:120:4:120:Infinity":37,"s:120:15:120:Infinity":38,"s:121:4:121:Infinity":39,"b:121:11:121:19:121:19:121:Infinity":10,"f:124:8:124:15":8,"s:125:28:129:Infinity":40,"b:131:4:131:Infinity:undefined:undefined:undefined:undefined":11,"s:131:4:131:Infinity":41,"s:131:15:131:Infinity":42,"s:132:4:132:Infinity":43,"f:135:8:135:15":9,"s:136:28:141:Infinity":44,"b:143:4:143:Infinity:undefined:undefined:undefined:undefined":12,"s:143:4:143:Infinity":45,"s:143:15:143:Infinity":46,"s:144:4:144:Infinity":47,"f:147:8:147:15":10,"s:148:22:151:Infinity":48,"b:153:4:153:Infinity:undefined:undefined:undefined:undefined":13,"s:153:4:153:Infinity":49,"s:153:15:153:Infinity":50,"f:156:8:156:18":11,"s:157:28:162:Infinity":51,"b:164:4:164:Infinity:undefined:undefined:undefined:undefined":14,"s:164:4:164:Infinity":52,"s:164:15:164:Infinity":53,"s:165:4:165:Infinity":54,"f:168:8:168:25":12,"s:169:28:173:Infinity":55,"b:175:4:175:Infinity:undefined:undefined:undefined:undefined":15,"s:175:4:175:Infinity":56,"s:175:15:175:Infinity":57,"s:176:4:176:Infinity":58,"f:179:8:179:17":13,"s:180:28:184:Infinity":59,"b:186:4:189:Infinity:undefined:undefined:undefined:undefined":16,"s:186:4:189:Infinity":60,"b:187:6:187:Infinity:undefined:undefined:undefined:undefined":17,"s:187:6:187:Infinity":61,"s:187:37:187:Infinity":62,"s:188:6:188:Infinity":63,"s:190:4:190:Infinity":64,"s:198:24:305:Infinity":65,"f:199:8:199:Infinity":14,"s:209:16:213:Infinity":66,"b:215:4:217:Infinity:undefined:undefined:undefined:undefined":18,"s:215:4:217:Infinity":67,"b:215:8:215:27:215:27:215:53":19,"s:216:6:216:Infinity":68,"b:218:4:220:Infinity:undefined:undefined:undefined:undefined":20,"s:218:4:220:Infinity":69,"b:218:8:218:31:218:31:218:61":21,"s:219:6:219:Infinity":70,"b:221:4:223:Infinity:undefined:undefined:undefined:undefined":22,"s:221:4:223:Infinity":71,"b:221:8:221:25:221:25:221:49":23,"s:222:6:222:Infinity":72,"b:224:4:226:Infinity:undefined:undefined:undefined:undefined":24,"s:224:4:226:Infinity":73,"s:225:6:225:Infinity":74,"b:227:4:229:Infinity:undefined:undefined:undefined:undefined":25,"s:227:4:229:Infinity":75,"s:228:6:228:Infinity":76,"b:228:60:228:77:228:77:228:83":26,"s:231:28:231:Infinity":77,"b:232:4:232:Infinity:undefined:undefined:undefined:undefined":27,"s:232:4:232:Infinity":78,"s:232:15:232:Infinity":79,"s:233:4:233:Infinity":80,"b:233:11:233:19:233:19:233:Infinity":28,"f:236:8:236:16":15,"s:237:28:241:Infinity":81,"b:243:4:246:Infinity:undefined:undefined:undefined:undefined":29,"s:243:4:246:Infinity":82,"b:244:6:244:Infinity:undefined:undefined:undefined:undefined":30,"s:244:6:244:Infinity":83,"s:244:37:244:Infinity":84,"s:245:6:245:Infinity":85,"s:247:4:247:Infinity":86,"f:250:8:250:15":16,"s:251:28:255:Infinity":87,"b:257:4:257:Infinity:undefined:undefined:undefined:undefined":31,"s:257:4:257:Infinity":88,"s:257:15:257:Infinity":89,"s:258:4:258:Infinity":90,"f:261:8:261:15":17,"s:262:28:267:Infinity":91,"b:269:4:269:Infinity:undefined:undefined:undefined:undefined":32,"s:269:4:269:Infinity":92,"s:269:15:269:Infinity":93,"s:270:4:270:Infinity":94,"f:273:8:273:15":18,"s:274:22:277:Infinity":95,"b:279:4:279:Infinity:undefined:undefined:undefined:undefined":33,"s:279:4:279:Infinity":96,"s:279:15:279:Infinity":97,"f:282:8:282:Infinity":19,"s:287:4:291:Infinity":98,"f:294:8:294:23":20,"b:294:50:294:72":34,"s:295:28:300:Infinity":99,"b:302:4:302:Infinity:undefined:undefined:undefined:undefined":35,"s:302:4:302:Infinity":100,"s:302:15:302:Infinity":101,"s:303:4:303:Infinity":102,"b:303:11:303:19:303:19:303:Infinity":36,"s:311:28:376:Infinity":103,"f:312:8:312:Infinity":21,"s:319:16:323:Infinity":104,"b:325:4:327:Infinity:undefined:undefined:undefined:undefined":37,"s:325:4:327:Infinity":105,"b:325:8:325:31:325:31:325:61":38,"s:326:6:326:Infinity":106,"b:328:4:330:Infinity:undefined:undefined:undefined:undefined":39,"s:328:4:330:Infinity":107,"s:329:6:329:Infinity":108,"s:332:28:332:Infinity":109,"b:333:4:333:Infinity:undefined:undefined:undefined:undefined":40,"s:333:4:333:Infinity":110,"s:333:15:333:Infinity":111,"s:334:4:334:Infinity":112,"b:334:11:334:19:334:19:334:Infinity":41,"f:337:8:337:15":22,"s:338:28:342:Infinity":113,"b:344:4:344:Infinity:undefined:undefined:undefined:undefined":42,"s:344:4:344:Infinity":114,"s:344:15:344:Infinity":115,"s:345:4:345:Infinity":116,"f:348:8:348:15":23,"s:349:22:352:Infinity":117,"b:354:4:354:Infinity:undefined:undefined:undefined:undefined":43,"s:354:4:354:Infinity":118,"s:354:15:354:Infinity":119,"f:357:8:357:Infinity":24,"s:362:28:371:Infinity":120,"b:373:4:373:Infinity:undefined:undefined:undefined:undefined":44,"s:373:4:373:Infinity":121,"s:373:15:373:Infinity":122,"s:374:4:374:Infinity":123,"s:382:23:449:Infinity":124,"f:383:8:383:23":25,"s:384:28:388:Infinity":125,"b:390:4:390:Infinity:undefined:undefined:undefined:undefined":45,"s:390:4:390:Infinity":126,"s:390:15:390:Infinity":127,"s:391:4:391:Infinity":128,"b:391:11:391:19:391:19:391:Infinity":46,"f:394:8:394:15":26,"s:395:28:399:Infinity":129,"b:401:4:401:Infinity:undefined:undefined:undefined:undefined":47,"s:401:4:401:Infinity":130,"s:401:15:401:Infinity":131,"s:402:4:402:Infinity":132,"f:405:8:405:15":27,"s:406:28:411:Infinity":133,"b:413:4:413:Infinity:undefined:undefined:undefined:undefined":48,"s:413:4:413:Infinity":134,"s:413:15:413:Infinity":135,"s:414:4:414:Infinity":136,"f:417:8:417:15":28,"s:418:22:421:Infinity":137,"b:423:4:423:Infinity:undefined:undefined:undefined:undefined":49,"s:423:4:423:Infinity":138,"s:423:15:423:Infinity":139,"f:426:8:426:17":29,"s:432:28:436:Infinity":140,"b:438:4:440:Infinity:undefined:undefined:undefined:undefined":50,"s:438:4:440:Infinity":141,"s:439:6:439:Infinity":142,"s:442:4:447:Infinity":143,"b:443:11:443:34:443:34:443:Infinity":51,"b:444:10:444:32:444:32:444:Infinity":52,"b:445:13:445:38:445:38:445:Infinity":53,"b:446:19:446:40:446:40:446:Infinity":54,"s:455:28:532:Infinity":144,"f:456:8:456:21":30,"s:457:28:460:Infinity":145,"b:462:4:462:Infinity:undefined:undefined:undefined:undefined":55,"s:462:4:462:Infinity":146,"s:462:15:462:Infinity":147,"s:463:4:463:Infinity":148,"b:463:11:463:19:463:19:463:Infinity":56,"f:466:8:466:Infinity":31,"s:471:28:480:Infinity":149,"b:476:17:476:35:476:35:476:Infinity":57,"b:477:26:477:53:477:53:477:Infinity":58,"b:482:4:482:Infinity:undefined:undefined:undefined:undefined":59,"s:482:4:482:Infinity":150,"s:482:15:482:Infinity":151,"s:483:4:483:Infinity":152,"f:486:8:486:Infinity":32,"s:491:16:495:Infinity":153,"b:497:4:501:Infinity:499:4:501:Infinity":60,"s:497:4:501:Infinity":154,"s:498:6:498:Infinity":155,"b:499:4:501:Infinity:undefined:undefined:undefined:undefined":61,"s:499:4:501:Infinity":156,"s:500:6:500:Infinity":157,"s:503:22:503:Infinity":158,"b:504:4:504:Infinity:undefined:undefined:undefined:undefined":62,"s:504:4:504:Infinity":159,"s:504:15:504:Infinity":160,"f:507:8:507:27":33,"s:508:28:511:Infinity":161,"b:513:4:513:Infinity:undefined:undefined:undefined:undefined":63,"s:513:4:513:Infinity":162,"s:513:15:513:Infinity":163,"s:515:50:522:Infinity":164,"s:524:4:528:Infinity":165,"f:524:18:524:19":34,"b:525:6:527:Infinity:undefined:undefined:undefined:undefined":64,"s:525:6:527:Infinity":166,"s:526:8:526:Infinity":167,"s:530:4:530:Infinity":168,"s:538:28:609:Infinity":169,"f:539:8:539:Infinity":35,"s:542:16:544:Infinity":170,"b:546:4:550:Infinity:548:4:550:Infinity":65,"s:546:4:550:Infinity":171,"s:547:6:547:Infinity":172,"b:548:4:550:Infinity:undefined:undefined:undefined:undefined":66,"s:548:4:550:Infinity":173,"s:549:6:549:Infinity":174,"s:552:28:552:Infinity":175,"b:553:4:553:Infinity:undefined:undefined:undefined:undefined":67,"s:553:4:553:Infinity":176,"s:553:15:553:Infinity":177,"s:554:4:554:Infinity":178,"b:554:11:554:43:554:43:554:Infinity":68,"f:554:21:554:22":36,"s:554:28:554:38":179,"f:557:8:557:Infinity":37,"s:561:28:569:Infinity":180,"b:565:17:565:35:565:35:565:Infinity":69,"b:566:26:566:53:566:53:566:Infinity":70,"b:571:4:571:Infinity:undefined:undefined:undefined:undefined":71,"s:571:4:571:Infinity":181,"s:571:15:571:Infinity":182,"s:572:4:572:Infinity":183,"f:575:8:575:Infinity":38,"s:579:16:582:Infinity":184,"b:584:4:588:Infinity:586:4:588:Infinity":72,"s:584:4:588:Infinity":185,"s:585:6:585:Infinity":186,"b:586:4:588:Infinity:undefined:undefined:undefined:undefined":73,"s:586:4:588:Infinity":187,"s:587:6:587:Infinity":188,"s:590:22:590:Infinity":189,"b:591:4:591:Infinity:undefined:undefined:undefined:undefined":74,"s:591:4:591:Infinity":190,"s:591:15:591:Infinity":191,"f:594:8:594:Infinity":39,"s:598:22:598:Infinity":192,"s:599:23:599:Infinity":193,"b:601:4:607:Infinity:604:11:607:Infinity":75,"s:601:4:607:Infinity":194,"s:602:6:602:Infinity":195,"s:603:6:603:Infinity":196,"s:605:6:605:Infinity":197,"s:606:6:606:Infinity":198,"s:615:25:687:Infinity":199,"f:616:8:616:23":40,"s:617:28:621:Infinity":200,"b:623:4:623:Infinity:undefined:undefined:undefined:undefined":76,"s:623:4:623:Infinity":201,"s:623:15:623:Infinity":202,"s:624:4:624:Infinity":203,"b:624:11:624:19:624:19:624:Infinity":77,"f:627:8:627:15":41,"s:628:28:632:Infinity":204,"b:634:4:634:Infinity:undefined:undefined:undefined:undefined":78,"s:634:4:634:Infinity":205,"s:634:15:634:Infinity":206,"s:635:4:635:Infinity":207,"f:638:8:638:15":42,"s:639:28:644:Infinity":208,"b:646:4:646:Infinity:undefined:undefined:undefined:undefined":79,"s:646:4:646:Infinity":209,"s:646:15:646:Infinity":210,"s:647:4:647:Infinity":211,"f:650:8:650:15":43,"s:651:22:654:Infinity":212,"b:656:4:656:Infinity:undefined:undefined:undefined:undefined":80,"s:656:4:656:Infinity":213,"s:656:15:656:Infinity":214,"f:659:8:659:17":44,"s:660:22:662:Infinity":215,"b:664:4:664:Infinity:undefined:undefined:undefined:undefined":81,"s:664:4:664:Infinity":216,"s:664:15:664:Infinity":217,"f:667:8:667:20":45,"s:668:22:672:Infinity":218,"b:674:4:674:Infinity:undefined:undefined:undefined:undefined":82,"s:674:4:674:Infinity":219,"s:674:15:674:Infinity":220,"f:677:8:677:20":46,"s:678:28:682:Infinity":221,"b:684:4:684:Infinity:undefined:undefined:undefined:undefined":83,"s:684:4:684:Infinity":222,"s:684:15:684:Infinity":223,"s:685:4:685:Infinity":224,"b:685:11:685:45:685:45:685:Infinity":84,"f:685:21:685:22":47,"s:685:29:685:40":225,"s:693:24:747:Infinity":226,"f:694:2:694:Infinity":48,"s:698:4:716:Infinity":227,"f:708:8:708:9":49,"s:709:10:713:Infinity":228,"f:719:2:719:Infinity":50,"s:723:4:741:Infinity":229,"f:733:8:733:9":51,"s:734:10:738:Infinity":230,"f:744:2:744:14":52,"s:745:4:745:Infinity":231}}}
,"/Users/kevin/Development/WeddingPictures/reflets-de-bonheur/src/lib/supabase/client.ts": {"path":"/Users/kevin/Development/WeddingPictures/reflets-de-bonheur/src/lib/supabase/client.ts","statementMap":{"0":{"start":{"line":5,"column":20},"end":{"line":5,"column":null}},"1":{"start":{"line":6,"column":24},"end":{"line":6,"column":null}},"2":{"start":{"line":9,"column":0},"end":{"line":14,"column":null}},"3":{"start":{"line":10,"column":2},"end":{"line":13,"column":null}},"4":{"start":{"line":17,"column":13},"end":{"line":23,"column":null}},"5":{"start":{"line":27,"column":2},"end":{"line":27,"column":null}},"6":{"start":{"line":32,"column":36},"end":{"line":32,"column":null}},"7":{"start":{"line":33,"column":2},"end":{"line":36,"column":null}},"8":{"start":{"line":34,"column":4},"end":{"line":34,"column":null}},"9":{"start":{"line":35,"column":4},"end":{"line":35,"column":null}},"10":{"start":{"line":37,"column":2},"end":{"line":37,"column":null}},"11":{"start":{"line":42,"column":39},"end":{"line":42,"column":null}},"12":{"start":{"line":43,"column":2},"end":{"line":46,"column":null}},"13":{"start":{"line":44,"column":4},"end":{"line":44,"column":null}},"14":{"start":{"line":45,"column":4},"end":{"line":45,"column":null}},"15":{"start":{"line":47,"column":2},"end":{"line":47,"column":null}},"16":{"start":{"line":52,"column":20},"end":{"line":52,"column":null}},"17":{"start":{"line":53,"column":2},"end":{"line":56,"column":null}},"18":{"start":{"line":54,"column":4},"end":{"line":54,"column":null}},"19":{"start":{"line":55,"column":4},"end":{"line":55,"column":null}},"20":{"start":{"line":61,"column":2},"end":{"line":61,"column":null}}},"fnMap":{"0":{"name":"isSupabaseConfigured","decl":{"start":{"line":26,"column":16},"end":{"line":26,"column":48}},"loc":{"start":{"line":26,"column":48},"end":{"line":28,"column":null}},"line":26},"1":{"name":"getCurrentUser","decl":{"start":{"line":31,"column":22},"end":{"line":31,"column":39}},"loc":{"start":{"line":31,"column":39},"end":{"line":38,"column":null}},"line":31},"2":{"name":"getSession","decl":{"start":{"line":41,"column":22},"end":{"line":41,"column":35}},"loc":{"start":{"line":41,"column":35},"end":{"line":48,"column":null}},"line":41},"3":{"name":"signOut","decl":{"start":{"line":51,"column":22},"end":{"line":51,"column":32}},"loc":{"start":{"line":51,"column":32},"end":{"line":57,"column":null}},"line":51},"4":{"name":"onAuthStateChange","decl":{"start":{"line":60,"column":16},"end":{"line":60,"column":34}},"loc":{"start":{"line":60,"column":83},"end":{"line":62,"column":null}},"line":60}},"branchMap":{"0":{"loc":{"start":{"line":5,"column":20},"end":{"line":5,"column":null}},"type":"binary-expr","locations":[{"start":{"line":5,"column":20},"end":{"line":5,"column":59}},{"start":{"line":5,"column":59},"end":{"line":5,"column":null}}],"line":5},"1":{"loc":{"start":{"line":6,"column":24},"end":{"line":6,"column":null}},"type":"binary-expr","locations":[{"start":{"line":6,"column":24},"end":{"line":6,"column":68}},{"start":{"line":6,"column":68},"end":{"line":6,"column":null}}],"line":6},"2":{"loc":{"start":{"line":9,"column":0},"end":{"line":14,"column":null}},"type":"if","locations":[{"start":{"line":9,"column":0},"end":{"line":14,"column":null}},{"start":{},"end":{}}],"line":9},"3":{"loc":{"start":{"line":9,"column":4},"end":{"line":9,"column":38}},"type":"binary-expr","locations":[{"start":{"line":9,"column":4},"end":{"line":9,"column":20}},{"start":{"line":9,"column":20},"end":{"line":9,"column":38}}],"line":9},"4":{"loc":{"start":{"line":27,"column":17},"end":{"line":27,"column":47}},"type":"binary-expr","locations":[{"start":{"line":27,"column":17},"end":{"line":27,"column":32}},{"start":{"line":27,"column":32},"end":{"line":27,"column":47}}],"line":27},"5":{"loc":{"start":{"line":33,"column":2},"end":{"line":36,"column":null}},"type":"if","locations":[{"start":{"line":33,"column":2},"end":{"line":36,"column":null}},{"start":{},"end":{}}],"line":33},"6":{"loc":{"start":{"line":43,"column":2},"end":{"line":46,"column":null}},"type":"if","locations":[{"start":{"line":43,"column":2},"end":{"line":46,"column":null}},{"start":{},"end":{}}],"line":43},"7":{"loc":{"start":{"line":53,"column":2},"end":{"line":56,"column":null}},"type":"if","locations":[{"start":{"line":53,"column":2},"end":{"line":56,"column":null}},{"start":{},"end":{}}],"line":53}},"s":{"0":0,"1":0,"2":0,"3":0,"4":0,"5":0,"6":0,"7":0,"8":0,"9":0,"10":0,"11":0,"12":0,"13":0,"14":0,"15":0,"16":0,"17":0,"18":0,"19":0,"20":0},"f":{"0":0,"1":0,"2":0,"3":0,"4":0},"b":{"0":[0,0],"1":[0,0],"2":[0,0],"3":[0,0],"4":[0,0],"5":[0,0],"6":[0,0],"7":[0,0]},"meta":{"lastBranch":8,"lastFunction":5,"lastStatement":21,"seen":{"s:5:20:5:Infinity":0,"b:5:20:5:59:5:59:5:Infinity":0,"s:6:24:6:Infinity":1,"b:6:24:6:68:6:68:6:Infinity":1,"b:9:0:14:Infinity:undefined:undefined:undefined:undefined":2,"s:9:0:14:Infinity":2,"b:9:4:9:20:9:20:9:38":3,"s:10:2:13:Infinity":3,"s:17:13:23:Infinity":4,"f:26:16:26:48":0,"s:27:2:27:Infinity":5,"b:27:17:27:32:27:32:27:47":4,"f:31:22:31:39":1,"s:32:36:32:Infinity":6,"b:33:2:36:Infinity:undefined:undefined:undefined:undefined":5,"s:33:2:36:Infinity":7,"s:34:4:34:Infinity":8,"s:35:4:35:Infinity":9,"s:37:2:37:Infinity":10,"f:41:22:41:35":2,"s:42:39:42:Infinity":11,"b:43:2:46:Infinity:undefined:undefined:undefined:undefined":6,"s:43:2:46:Infinity":12,"s:44:4:44:Infinity":13,"s:45:4:45:Infinity":14,"s:47:2:47:Infinity":15,"f:51:22:51:32":3,"s:52:20:52:Infinity":16,"b:53:2:56:Infinity:undefined:undefined:undefined:undefined":7,"s:53:2:56:Infinity":17,"s:54:4:54:Infinity":18,"s:55:4:55:Infinity":19,"f:60:16:60:34":4,"s:61:2:61:Infinity":20}}}
,"/Users/kevin/Development/WeddingPictures/reflets-de-bonheur/src/lib/supabase/index.ts": {"path":"/Users/kevin/Development/WeddingPictures/reflets-de-bonheur/src/lib/supabase/index.ts","statementMap":{"0":{"start":{"line":2,"column":0},"end":{"line":2,"column":null}},"1":{"start":{"line":3,"column":0},"end":{"line":3,"column":null}},"2":{"start":{"line":4,"column":0},"end":{"line":4,"column":null}}},"fnMap":{},"branchMap":{},"s":{"0":0,"1":0,"2":0},"f":{},"b":{},"meta":{"lastBranch":0,"lastFunction":0,"lastStatement":3,"seen":{"s:2:0:2:Infinity":0,"s:3:0:3:Infinity":1,"s:4:0:4:Infinity":2}}}
,"/Users/kevin/Development/WeddingPictures/reflets-de-bonheur/src/lib/supabase/types.ts": {"path":"/Users/kevin/Development/WeddingPictures/reflets-de-bonheur/src/lib/supabase/types.ts","statementMap":{},"fnMap":{},"branchMap":{},"s":{},"f":{},"b":{},"meta":{"lastBranch":0,"lastFunction":0,"lastStatement":0,"seen":{}}}
}
